#UGC:2 PART 997 420 0 1 1 15 2000 9839 00000578 \
#- VERS 0 0                                                          \
#- HOST                                                              \
#- LINK                                                              \
#- DBID                                                              \
#- REVS 0,                                                           \
#- RELL 0,                                                           \
#- UOBJ_ID 962053733 220136368 1265647124                            \
#- MACH                                                              \
#-END_OF_UGC_HEADER
#P_OBJECT 6
@P_object 1 0
0 1 ->
@dep_db 2 0
1 2 ->
@usr_rev 3 0
1 3 [1]
2 3 
@name 4 10
3 4 partstream
@mod_time 5 0
3 5 
@tm_sec 6 1
4 6 28
@tm_min 7 1
4 7 54
@tm_hour 8 1
4 8 9
@tm_mday 9 1
4 9 26
@tm_mon 10 1
4 10 5
@tm_year 11 1
4 11 2009
@action 12 1
3 12 1000
@comment 13 10
3 13 Hostname: 'PSBE13'
@rel_level 14 10
3 14 
@rev_string 15 10
3 15 
@revnum_std 16 1
1 16 80
@flag 17 1
1 17 0
@name 18 10
1 18 NULL
@inst_hidden 19 1
1 19 0
@old_name 20 10
1 20 NULL
@appl_data 21 0
1 21 ->
@bounding_box 22 2
2 22 [2][3]
$BFEB851EB851EB7C,BFC810624DD2F1AC,0
$3F8EB851EB851F7,3CB3AF5EBD7AF5EC,4000000000000001
@ver_key 23 0
1 23 ->
@time 24 1
2 24 962053735
@random_num 25 1
2 25 220098560
@hostid 26 1
2 26 1265647124
@last_read 27 1
1 27 -1
#END_OF_P_OBJECT
#Pro/ENGINEER  TM  Release 20.0  (c) 1988-98 by Parametric Technology Corporation  All Rights Reserved. 9843
@Toc 28 0
0 28 ->
@entry 29 10
1 29 [128]
2 29 BasicData 2b97 5e0 0 998########################################################
2 29 BasicText 3177 3a8 0 998########################################################
2 29 GeomDepen 351f 73 0 998#########################################################
2 29 DispCntrl 3592 42 0 998#########################################################
2 29 DisplData 35d4 38 0 998#########################################################
2 29 LargeText 360c 118 0 998########################################################
2 29 FamilyInf 3724 40 0 998#########################################################
2 29 VisibGeom 3764 f9fe 0 998#######################################################
2 29 NovisGeom 13162 3e 0 998########################################################
2 29 ActEntity 131a0 27d 0 998#######################################################
2 29 AllFeatur 1341d 147e 0 998######################################################
2 29 FullMData 1489b 28f 0 998#######################################################
2 29 ModelView#0 14b2a 4b9 0 998#####################################################
2 29 DispDataColor 14fe3 29 0 998####################################################
2 29 DispDataTable 1500c 38b 0 998###################################################
2 29 AssMrgPrt 15397 28 0 998########################################################
2 29 ################################################################################
2 29 ################################################################################
2 29 ################################################################################
2 29 ################################################################################
2 29 ################################################################################
2 29 ################################################################################
2 29 ################################################################################
2 29 ################################################################################
2 29 ################################################################################
2 29 ################################################################################
2 29 ################################################################################
2 29 ################################################################################
2 29 ################################################################################
2 29 ################################################################################
2 29 ################################################################################
2 29 ################################################################################
2 29 ################################################################################
2 29 ################################################################################
2 29 ################################################################################
2 29 ################################################################################
2 29 ################################################################################
2 29 ################################################################################
2 29 ################################################################################
2 29 ################################################################################
2 29 ################################################################################
2 29 ################################################################################
2 29 ################################################################################
2 29 ################################################################################
2 29 ################################################################################
2 29 ################################################################################
2 29 ################################################################################
2 29 ################################################################################
2 29 ################################################################################
2 29 ################################################################################
2 29 ################################################################################
2 29 ################################################################################
2 29 ################################################################################
2 29 ################################################################################
2 29 ################################################################################
2 29 ################################################################################
2 29 ################################################################################
2 29 ################################################################################
2 29 ################################################################################
2 29 ################################################################################
2 29 ################################################################################
2 29 ################################################################################
2 29 ################################################################################
2 29 ################################################################################
2 29 ################################################################################
2 29 ################################################################################
2 29 ################################################################################
2 29 ################################################################################
2 29 ################################################################################
2 29 ################################################################################
2 29 ################################################################################
2 29 ################################################################################
2 29 ################################################################################
2 29 ################################################################################
2 29 ################################################################################
2 29 ################################################################################
2 29 ################################################################################
2 29 ################################################################################
2 29 ################################################################################
2 29 ################################################################################
2 29 ################################################################################
2 29 ################################################################################
2 29 ################################################################################
2 29 ################################################################################
2 29 ################################################################################
2 29 ################################################################################
2 29 ################################################################################
2 29 ################################################################################
2 29 ################################################################################
2 29 ################################################################################
2 29 ################################################################################
2 29 ################################################################################
2 29 ################################################################################
2 29 ################################################################################
2 29 ################################################################################
2 29 ################################################################################
2 29 ################################################################################
2 29 ################################################################################
2 29 ################################################################################
2 29 ################################################################################
2 29 ################################################################################
2 29 ################################################################################
2 29 ################################################################################
2 29 ################################################################################
2 29 ################################################################################
2 29 ################################################################################
2 29 ################################################################################
2 29 ################################################################################
2 29 ################################################################################
2 29 ################################################################################
2 29 ################################################################################
2 29 ################################################################################
2 29 ################################################################################
2 29 ################################################################################
2 29 ################################################################################
2 29 ################################################################################
2 29 ################################################################################
2 29 ################################################################################
2 29 ################################################################################
2 29 ################################################################################
2 29 ################################################################################
2 29 ################################################################################
2 29 ################################################################################
2 29 ################################################################################
2 29 ################################################################################
2 29 ################################################################################
2 29 ################################################################################
2 29 ################################################################################
#BasicData
@Sld_BasicData 1 0
0 1 ->
@tab_key 2 1
1 2 0
@tab_key_struct 3 0
1 3 ->
@type 4 4
2 4 H
@tab_key_ptr 5 0
2 5 [162]
@cmprs_tabkey 6 0
2 6 NULL
@type 7 1
1 7 2
@revnum_ptr 8 0
1 8 ->
@geom_revnum 9 1
2 9 166
@cosm_revnum 10 1
2 10 0
@tol_default_ptr 11 0
1 11 ->
@type 12 1
2 12 10
@value 13 2
2 13 [7]
$0,3FB999999999999A,3F847AE147AE147B,3F50624DD2F1A9FC,3F1A36E2EB1C432D,3EE4F8B588E368F1,3EB0C6F7A0B5ED8D
@ang_value 14 2
2 14 [7]
$0,3FE,3FE,3FE,3FE,3FE,3FE
@lin_digits 15 1
2 15 [7]
$-1,-1,-1,-1,-1,-1,-1
@ang_digits 16 1
2 16 [7]
$0,0,0,0,0,0,0
@standard 17 1
2 17 0
@iso_tol_tbls_ptr 18 0
2 18 NULL
@datum_count 19 1
1 19 0
@axis_count 20 1
1 20 0
@insert_layer_id 21 1
1 21 -1
@layer_count 22 1
1 22 0
@rel_part_eps 23 2
1 23 3F53A92A30553261
@model_eps 24 2
1 24 0
@fixed_model_eps 25 1
1 25 0
@assembled_count 26 1
1 26 0
@part_type 27 1
1 27 1
@first_ent_id 28 1
1 28 513569
@first_view_id 29 1
1 29 0
@outline 30 2
1 30 [2][3]
$BFEB851EB851EB7C,BFC810624DD2F1AC,0
$3F8EB851EB851F7,3CB3AF5EBD7AF5EC,4000000000000001
@dim_num 31 1
1 31 0
@geom_lib_ptr 32 0
1 32 NULL
@attrib_array 33 1
1 33 [3]
$0,0,0
@max_part_size 34 2
1 34 3FAC7EB6075D08FB
@model_name 35 10
1 35 BA7B8BDDC3BC457D9050105DC20D10B
@disp_outl_info 36 0
1 36 
@disp_outline 37 2
2 37 [2][3]
$BFEB851EB851EB7C,BFC810624DD2F1AC,0
$3F8EB851EB851F7,3CB3AF5EBD7AF5EC,4000000000000001
@sel_outl_info 38 0
1 38 ->
@outline 39 2
2 39 [2][3]
$BFEB851EB851EB7C,BFC810624DD2F1AC,0
$3F8EB851EB851F7,3CB3AF5EBD7AF5EC,4000000000000001
#BasicText
@Sld_BasicText 1 0
0 1 ->
@assem_mass_prop_ptr 2 0
1 2 NULL
@mass_prop_ptr 3 0
1 3 ->
@type 4 1
2 4 0
@density 5 2
2 5 3FA27F4E3ED24DC
@init_dens 6 5
2 6 0
@rel_density 7 2
2 7 0
@init_rel_dens 8 5
2 8 0
@aver_density 9 2
2 9 0
@vrevnum 10 1
2 10 -1
@volume 11 2
2 11 3ED53EEAA43F53F9
@cg 12 2
2 12 [3]
$0,0,0
@inertia 13 2
2 13 [3][3]
$0,0,3FAA027525460AA7
$0,0,0
$0,0,0
@eps 14 2
2 14 0
@surfarea 15 2
2 15 0
@assign_mp_ptr 16 0
1 16 NULL
@mat_name_ptr 17 10
1 17 NULL
@unit_arr 18 0
1 18 [3]
2 18 
@type 19 1
3 19 13
@factor 20 2
3 20 3FF
@name 21 10
3 21 INCH
@unit_type 22 1
3 22 0
2 18 
3 19 12
3 20 3FDD07A1B4F10DF5
3 21 POUND
3 22 1
2 18 
3 19 13
3 20 3F3234576CF0BB8C
3 21 SECS
3 22 2
@p_unit_info 23 0
1 23 ->
@custom_unit_arr 24 0
2 24 [6]
3 24 
3 24 
3 24 
3 24 
3 24 
3 24 
@principal_sys_units 25 10
2 25 Inch lbm Second (Pro/E Default)
@history_scale 26 2
2 26 [6][2]
$3FF,0
$3FF,0
$3FF,0
$3FF,0
$3FF,0
$3FF,0
#GeomDepen
@Sld_GeomDepend 1 0
0 1 ->
@frst_geom_ptr 2 1
1 2 31
@fem_data 3 0
1 3 NULL
@first_quilt_ptr 4 1
1 4 30
#DispCntrl
@Sld_DispCntrl 1 0
0 1 ->
@color_prop_ptr 2 0
1 2 NULL
#DisplData
@Sld_DispData 1 0
0 1 ->
@disp_data 2 0
1 2 
#LargeText
@Sld_LargeText 1 0
0 1 ->
@names_table 2 0
1 2 [1]
2 2 ->
@id 3 1
3 3 3
@type 4 1
3 4 25
@name 5 10
3 5 BA7B8BDDC3BC457D9050105DC20D10B
@relpar_sets 6 0
1 6 [1]
2 6 
@id 7 1
3 7 -1
@type 8 1
3 8 2
@ext_ref_id 9 1
3 9 -1
@relatnum 10 1
3 10 0
@cfg_states 11 0
1 11 NULL
#FamilyInf
@Sld_FamilyInfo 1 0
0 1 ->
@drv_tbl_ptr 2 0
1 2 NULL
#VisibGeom
@Sld_VisGeom 1 0
0 1 ->
@active_geom 2 0
1 2 
@srf_array 3 0
2 3 [14]
3 3 ->
@geom_type 4 1
4 4 36
@geom_id 5 1
4 5 31
@feat_id 6 1
4 6 4
@boundary_type 7 1
4 7 0
@envlp 8 2
4 8 [2][2]
$400921FB54442D18,0
$401921FB54442D18,3FC810624DD2F1AC
@srf_prim_ptr(cylinder) 9 0
4 9 ->
@local_sys 10 2
5 10 [4][3]
$0,3FEFFFFFFFFFFFFF,0
$0,0,3FF
$3FEFFFFFFFFFFFFF,0,0
$BFDB0A3D70A3D6FB,BFC810624DD2F1AC,3FF8000000000001
@radius 11 2
5 11 3FC072B020C49BA7
@frst_cntr_ptr 12 0
4 12 ->
@frst_cntr_crv_hdr_ptr 13 1
5 13 33
@trv 14 1
5 14 1
@envlp 15 2
5 15 [2][2]
$400921FB54442D18,0
$401921FB54442D18,3FC810624DD2F1AC
@next_cntr_ptr 16 0
4 16 NULL
@next_geom_ptr 17 1
4 17 35
@orient 18 1
4 18 -1
@outline 19 2
4 19 [2][3]
$BFE1A1CAC0831267,BFC810624DD2F1AC,3FF5F1A9FBE76C8C
$BFDB0A3D70A3D6FB,0,3FFA0E5604189375
3 3 ->
4 4 36
4 5 35
4 6 4
4 7 0
4 8 [2][2]
$400921FB54442D18,3C8
$401921FB54442D18,3FC810624DD2F1AC
4 9 ->
5 10 [4][3]
$0,3FEFFFFFFFFFFFFF,0
$0,0,3FF
$3FEFFFFFFFFFFFFF,0,0
$BFDB0A3D70A3D6FB,BFC810624DD2F1AC,3FE0000000000009
5 11 3FC072B020C49BB5
4 12 ->
5 13 37
5 14 1
5 15 [2][2]
$400921FB54442D18,3C8
$401921FB54442D18,3FC810624DD2F1AC
4 16 NULL
4 17 39
4 18 -1
4 19 [2][3]
$BFE1A1CAC083126B,BFC810624DD2F1AB,3FD7C6A7EF9DB238
$BFDB0A3D70A3D6FB,0,3FE41CAC083126F7
3 3 ->
4 4 34
4 5 39
4 6 4
4 7 0
4 8 [2][2]
$0,BCA4
$4000000000000001,3FC4395810624DDE
@srf_prim_ptr(plane) 20 0
4 20 ->
@local_sys 21 2
5 21 [4][3]
$0,0,BFF
$0,3FF,0
$3FF,8,0
$BFEB851EB851EB7E,BFC624DD2F1A9FC,0
4 12 ->
5 13 41
5 14 1
5 15 [2][2]
$0,BCA4
$4000000000000001,3FC4395810624DDE
4 16 NULL
4 17 43
4 18 1
4 19 [2][3]
$BFEB851EB851EB7C,BFC624DD2F1A9FC5,0
$BFEB851EB851EB7A,BF8EB851EB851E1F,4000000000000001
3 3 ->
4 4 34
4 5 43
4 6 4
4 7 0
4 8 [2][2]
$0,BC9
$4000000000000001,3FC4395810624DDF
4 20 ->
5 21 [4][3]
$0,0,3FF
$0,3FF,8
$BFF,0,0
$3F8EB851EB852013,BFC624DD2F1A9FC,4000000000000001
4 12 ->
5 13 45
5 14 1
5 15 [2][2]
$0,BC9
$4000000000000001,3FC4395810624DDF
4 16 NULL
4 17 47
4 18 1
4 19 [2][3]
$3F8EB851EB851E5A,BFC624DD2F1A9FC2,0
$3F8EB851EB851F7,BF8EB851EB851E1,4000000000000001
3 3 ->
4 4 36
4 5 47
4 6 4
4 7 0
4 8 [2][2]
$3FF921FB54442D19,0
$400921FB54442D18,4000000000000001
4 9 ->
5 10 [4][3]
$BFF,0,0
$0,3FF,0
$0,0,BFF
$BC53AF5EBD7AF5EC,BF8EB851EB851E1,4000000000000001
5 11 3F8EB851EB851EAD
4 12 ->
5 13 49
5 14 1
5 15 [2][2]
$3FF921FB54442D19,0
$400921FB54442D18,4000000000000001
4 16 NULL
4 17 51
4 18 1
4 19 [2][3]
$BC43AF5EBD7AF5EC,BF8EB851EB851E1,0
$3F8EB851EB851F7,3CB3AF5EBD7AF5EC,4000000000000001
3 3 ->
4 4 36
4 5 51
4 6 4
4 7 0
4 8 [2][2]
$0,0
$3FF921FB54442CB4,4000000000000001
4 9 ->
5 10 [4][3]
$BFF,0,0
$0,3FF,0
$0,0,BFF
$BFEB0A3D70A3D6FF,BF8EB851EB851E1F,4000000000000001
5 11 3F8EB851EB851E0F
4 12 ->
5 13 53
5 14 1
5 15 [2][2]
$0,0
$3FF921FB54442CB4,4000000000000001
4 16 NULL
4 17 55
4 18 1
4 19 [2][3]
$BFEB851EB851EB7A,BF8EB851EB851E1F,0
$BFEB0A3D70A3D702,0,4000000000000001
3 3 ->
4 4 34
4 5 55
4 6 4
4 7 0
4 8 [2][2]
$3CC,0
$3FEBFFFFFFFFFFF9,3FC810624DD2F1B6
4 20 ->
5 21 [4][3]
$3FF,0,0
$0,3FF,0
$0,0,3FF
$BFEB851EB851EB7E,BFC810624DD2F1AC,4000000000000001
4 12 ->
5 13 57
5 14 1
5 15 [2][2]
$3CC,0
$3FEBFFFFFFFFFFF9,3FC810624DD2F1B6
4 16 NULL
4 17 59
4 18 1
4 19 [2][3]
$BFEB851EB851EB7C,BFC810624DD2F1AC,4000000000000001
$3F8EB851EB851F7,3CB3AF5EBD7AF5EC,4000000000000001
3 3 ->
4 4 36
4 5 59
4 6 4
4 7 0
4 8 [2][2]
$4012D97C7F3321E3,0
$401921FB54442D18,4000000000000001
4 9 ->
5 10 [4][3]
$BFF,0,0
$0,3FF,0
$0,0,BFF
$BFEB0A3D70A3D7,BFC624DD2F1A9FC5,4000000000000001
5 11 3F8EB851EB851E3B
4 12 ->
5 13 61
5 14 1
5 15 [2][2]
$4012D97C7F3321E3,0
$401921FB54442D18,4000000000000001
4 16 NULL
4 17 63
4 18 1
4 19 [2][3]
$BFEB851EB851EB7C,BFC810624DD2F1AC,0
$BFEB0A3D70A3D702,BFC624DD2F1A9FC5,4000000000000001
3 3 ->
4 4 34
4 5 63
4 6 4
4 7 0
4 8 [2][2]
$3CB6A,0
$3FEBFFFFFFFFFFFC,3FC810624DD2F1B6
4 20 ->
5 21 [4][3]
$BFF,0,0
$0,3FF,0
$0,0,BFF
$3F8EB851EB852013,BFC810624DD2F1AC,0
4 12 ->
5 13 65
5 14 1
5 15 [2][2]
$3CB6A,0
$3FEBFFFFFFFFFFFC,3FC810624DD2F1B6
4 16 NULL
4 17 67
4 18 1
4 19 [2][3]
$BFEB851EB851EB7C,BFC810624DD2F1AC,0
$3F8EB851EB851F5E,3CB3AF5EBD7AF5EC,0
3 3 ->
4 4 36
4 5 67
4 6 4
4 7 0
4 8 [2][2]
$400921FB54442D14,0
$4012D97C7F3321C1,4000000000000001
4 9 ->
5 10 [4][3]
$BFF,0,0
$0,3FF,0
$0,0,BFF
$BCC01C0408102041,BFC624DD2F1A9FC2,4000000000000001
5 11 3F8EB851EB851DA4
4 12 ->
5 13 65
5 14 1
5 15 [2][2]
$400921FB54442D14,0
$4012D97C7F3321C1,4000000000000001
4 16 NULL
4 17 69
4 18 1
4 19 [2][3]
$BCB01C0408102041,BFC810624DD2F1AC,0
$3F8EB851EB851E6B,BFC624DD2F1A9FC2,4000000000000001
3 3 ->
4 4 36
4 5 69
4 6 4
4 7 0
4 8 [2][2]
$0,3C8
$400921FB54442D18,3FC810624DD2F1AC
4 9 ->
5 10 [4][3]
$0,3FEFFFFFFFFFFFFF,0
$0,0,3FF
$3FEFFFFFFFFFFFFF,0,0
$BFDB0A3D70A3D6FB,BFC810624DD2F1AC,3FE0000000000009
5 11 3FC072B020C49BB5
4 12 ->
5 13 71
5 14 1
5 15 [2][2]
$0,3C8
$400921FB54442D18,3FC810624DD2F1AC
4 16 NULL
4 17 73
4 18 -1
4 19 [2][3]
$BFDB0A3D70A3D6FB,BFC810624DD2F1AB,3FD7C6A7EF9DB238
$BFD2D0E560418921,0,3FE41CAC083126F7
3 3 ->
4 4 34
4 5 73
4 6 4
4 7 0
4 8 [2][2]
$0,3CA
$4000000000000001,3FEB0A3D70A3D703
4 20 ->
5 21 [4][3]
$0,3FF,0
$0,0,3FF
$3FF,0,0
$BFEB0A3D70A3D703,0,0
4 12 ->
5 13 75
5 14 1
5 15 [2][2]
$0,3CA
$4000000000000001,3FEB0A3D70A3D703
4 16 ->
5 13 77
5 14 -1
5 15 [2][2]
$0,3CA
$4000000000000001,3FEB0A3D70A3D703
4 16 ->
5 13 79
5 14 -1
5 15 [2][2]
$0,3CA
$4000000000000001,3FEB0A3D70A3D703
4 16 NULL
4 17 81
4 18 1
4 19 [2][3]
$BFEB0A3D70A3D702,0,0
$BC43AF5EBD7AF5EC,0,4000000000000001
3 3 ->
4 4 34
4 5 81
4 6 4
4 7 0
4 8 [2][2]
$0,3CA
$4000000000000001,3FEB0A3D70A3D701
4 20 ->
5 21 [4][3]
$0,3FF,0
$0,0,BFF
$BFF,0,0
$BFEB0A3D70A3D703,BFC810624DD2F1AC,4000000000000001
4 12 ->
5 13 83
5 14 1
5 15 [2][2]
$0,3CA
$4000000000000001,3FEB0A3D70A3D701
4 16 ->
5 13 33
5 14 -1
5 15 [2][2]
$0,3CA
$4000000000000001,3FEB0A3D70A3D701
4 16 ->
5 13 85
5 14 -1
5 15 [2][2]
$0,3CA
$4000000000000001,3FEB0A3D70A3D701
4 16 NULL
4 17 87
4 18 1
4 19 [2][3]
$BFEB0A3D70A3D702,BFC810624DD2F1AC,0
$BCB01C0408102041,BFC810624DD2F1AB,4000000000000001
3 3 ->
4 4 36
4 5 87
4 6 4
4 7 0
4 8 [2][2]
$0,0
$400921FB54442D18,3FC810624DD2F1AC
4 9 ->
5 10 [4][3]
$0,3FEFFFFFFFFFFFFF,0
$0,0,3FF
$3FEFFFFFFFFFFFFF,0,0
$BFDB0A3D70A3D6FB,BFC810624DD2F1AC,3FF8000000000001
5 11 3FC072B020C49BA7
4 12 ->
5 13 89
5 14 1
5 15 [2][2]
$0,0
$400921FB54442D18,3FC810624DD2F1AC
4 16 NULL
4 17 0
4 18 -1
4 19 [2][3]
$BFDB0A3D70A3D6FB,BFC810624DD2F1AC,3FF5F1A9FBE76C8C
$BFD2D0E560418928,0,3FFA0E5604189375
@crv_array 22 0
2 22 [72]
3 22 ->
@crv_id 23 1
4 23 34
@feat_id 24 1
4 24 4
@type 25 1
4 25 0
@crv_pnt_dir 26 1
4 26 [2]
$1,-1
@crv_pnt_arr 27 2
4 27 [39][4]
$400921FB54442D18,0,3FE41CAC083126EC,3FDB0A3D70A3D70B
$4009BE57EE087FCF,0,3FE4199AFD5E01B,3FDA69A80110B08F
$400A68024619CAE7,0,3FE40F5C8D7367E4,3FD9BC7F784158AE
$400B11AC9E2B15FE,0,3FE3FDFD05D4EA6E,3FD911A0FA5CB48E
$400BBB56F63C6114,0,3FE3E59AE8428132,3FD86A3892189437
$400C65014E4DAC2D,0,3FE3C66105BB6ED8,3FD7C76C3639A397
$400D0EABA65EF744,0,3FE3A086334F04EC,3FD72A59C561F1D5
$400DB855FE70425C,0,3FE3744CE9D3EAEA,3FD694151016169C
$400E620056818D74,0,3FE34202D12EFAD8,3FD605A5F46A6C24
$400F0BAAAE92D889,0,3FE30A0037F6A9DA,3FD580068EAAD3A2
$400FB55506A423A2,0,3FE2CCA778626F66,3FD50421822AA33A
$40102F7FAF5AB75D,0,3FE28A644B967562,3FD492D05D3FF152
$40108454DB635CE8,0,3FE243AB0C7AD4B8,3FD42CDA1B3DBBB
$4010D92A076C0274,0,3FE1F8F7EB6A872E,3FD3D2F1C70BBCFE
$40112DFF3374A7FF,0,3FE1AACE1420D4CC,3FD385B540C17D52
$401182D45F7D4D8B,0,3FE159B6C7642AE,3FD345AC286CAF58
$4011D7A98B85F318,0,3FE106406A02D1F4,3FD31346EFE9A6F2
$40122C7EB78E98A2,0,3FE0B0FD8AC8B922,3FD2EEDE15701ACE
$40128153E3973E2E,0,3FE05A83E12566FA,3FD2D8B1882EE886
$4012D6290F9FE3B9,0,3FE0036B4645F764,3FD2D0E83807B884
$40132AFE3BA88946,0,3FDF589954E195D4,3FD2D78FD12FA4F4
$40137FD367B12ED1,0,3FDEAB8210EE3DF8,3FD2EC9CA42CF31E
$4013D4A893B9D45D,0,3FDE00C0B22845E8,3FD30FE9BA5C07FA
$4014297DBFC279E9,0,3FDD598110227D2C,3FD3413916D78FF6
$40147E52EBCB1F75,0,3FDCB6E8DA0844FC,3FD380342351E02A
$4014D32817D3C4FF,0,3FDC1A1592E9D15C,3FD3CC6C48206E64
$401527FD43DC6A8B,0,3FDB841A9C6219AC,3FD4255BAE6E631A
$40157CD26FE51017,0,3FDAF5FF5306D54,3FD48A662B414404
$4015D1A79BEDB5A3,0,3FDA70BD3FF3A37,3FD4FADA51B3078
$4016267CC7F65B2F,0,3FD9F53E629C6F28,3FD575F2AA8007CE
$40167B51F3FF00BA,0,3FD9845B95E87BD8,3FD5FAD70EC5C136
$4016D0272007A647,0,3FD91EDB1367A0EC,3FD6889E23917AD1
$401724FC4C104BD2,0,3FD8C56F173E5D48,3FD71E4EF3A45BE4
$401779D17818F15D,0,3FD878B4A72BF9A4,3FD7BAE2A49D63DA
$4017CEA6A42196E9,0,3FD839327ED04E2,3FD85D4644899EB6
$4018237BD02A3C75,0,3FD807582315569,3FD9045CACB017C4
$40187850FC32E201,0,3FD7E37D1E5C069,3FD9AF007649C313
$4018CD26283B878C,0,3FD7CDE066C43A68,3FDA5C05FDB61E0B
$401921FB54442D18,0,3FD7C6A7EF9DB23,3FDB0A3D70A3D70B
@crv_hdr_geom_ptr[0] 28 1
4 28 32
@crv_hdr_geom_ptr[1] 29 1
4 29 82
@next_crv_hdr_ptr[0] 30 1
4 30 92
@next_crv_hdr_ptr[1] 31 1
4 31 94
@ref_geom[0] 32 1
4 32 0
@ref_geom[1] 33 1
4 33 0
3 22 ->
4 23 33
4 24 4
4 25 0
4 26 [2]
$1,-1
4 27 [39][4]
$400921FB54442D18,0,3FE41CAC083126EC,3FDB0A3D70A3D70B
$4009BE57EE087FCF,0,3FE4199AFD5E01B,3FDA69A80110B08F
$400A68024619CAE7,0,3FE40F5C8D7367E4,3FD9BC7F784158AE
$400B11AC9E2B15FE,0,3FE3FDFD05D4EA6E,3FD911A0FA5CB48E
$400BBB56F63C6114,0,3FE3E59AE8428132,3FD86A3892189437
$400C65014E4DAC2D,0,3FE3C66105BB6ED8,3FD7C76C3639A397
$400D0EABA65EF744,0,3FE3A086334F04EC,3FD72A59C561F1D5
$400DB855FE70425C,0,3FE3744CE9D3EAEA,3FD694151016169C
$400E620056818D74,0,3FE34202D12EFAD8,3FD605A5F46A6C24
$400F0BAAAE92D889,0,3FE30A0037F6A9DA,3FD580068EAAD3A2
$400FB55506A423A2,0,3FE2CCA778626F66,3FD50421822AA33A
$40102F7FAF5AB75D,0,3FE28A644B967562,3FD492D05D3FF152
$40108454DB635CE8,0,3FE243AB0C7AD4B8,3FD42CDA1B3DBBB
$4010D92A076C0274,0,3FE1F8F7EB6A872E,3FD3D2F1C70BBCFE
$40112DFF3374A7FF,0,3FE1AACE1420D4CC,3FD385B540C17D52
$401182D45F7D4D8B,0,3FE159B6C7642AE,3FD345AC286CAF58
$4011D7A98B85F318,0,3FE106406A02D1F4,3FD31346EFE9A6F2
$40122C7EB78E98A2,0,3FE0B0FD8AC8B922,3FD2EEDE15701ACE
$40128153E3973E2E,0,3FE05A83E12566FA,3FD2D8B1882EE886
$4012D6290F9FE3B9,0,3FE0036B4645F764,3FD2D0E83807B884
$40132AFE3BA88946,0,3FDF589954E195D4,3FD2D78FD12FA4F4
$40137FD367B12ED1,0,3FDEAB8210EE3DF8,3FD2EC9CA42CF31E
$4013D4A893B9D45D,0,3FDE00C0B22845E8,3FD30FE9BA5C07FA
$4014297DBFC279E9,0,3FDD598110227D2C,3FD3413916D78FF6
$40147E52EBCB1F75,0,3FDCB6E8DA0844FC,3FD380342351E02A
$4014D32817D3C4FF,0,3FDC1A1592E9D15C,3FD3CC6C48206E64
$401527FD43DC6A8B,0,3FDB841A9C6219AC,3FD4255BAE6E631A
$40157CD26FE51017,0,3FDAF5FF5306D54,3FD48A662B414404
$4015D1A79BEDB5A3,0,3FDA70BD3FF3A37,3FD4FADA51B3078
$4016267CC7F65B2F,0,3FD9F53E629C6F28,3FD575F2AA8007CE
$40167B51F3FF00BA,0,3FD9845B95E87BD8,3FD5FAD70EC5C136
$4016D0272007A647,0,3FD91EDB1367A0EC,3FD6889E23917AD1
$401724FC4C104BD2,0,3FD8C56F173E5D48,3FD71E4EF3A45BE4
$401779D17818F15D,0,3FD878B4A72BF9A4,3FD7BAE2A49D63DA
$4017CEA6A42196E9,0,3FD839327ED04E2,3FD85D4644899EB6
$4018237BD02A3C75,0,3FD807582315569,3FD9045CACB017C4
$40187850FC32E201,0,3FD7E37D1E5C069,3FD9AF007649C313
$4018CD26283B878C,0,3FD7CDE066C43A68,3FDA5C05FDB61E0B
$401921FB54442D18,0,3FD7C6A7EF9DB23,3FDB0A3D70A3D70B
4 28 31
4 29 81
4 30 91
4 31 93
4 32 0
4 33 0
3 22 ->
4 23 90
4 24 4
4 25 0
4 26 [2]
$1,-1
4 27 [2][4]
$400921FB54442D18,3FC810624DD2F1AC,400921FB54442D18,3FC810624DD2F1AC
$400921FB54442D18,0,400921FB54442D18,0
4 28 32
4 29 88
4 30 34
4 31 78
4 32 0
4 33 0
3 22 ->
4 23 89
4 24 4
4 25 0
4 26 [2]
$1,-1
4 27 [2][4]
$400921FB54442D18,3FC810624DD2F1AC,400921FB54442D18,3FC810624DD2F1AC
$400921FB54442D18,0,400921FB54442D18,0
4 28 31
4 29 87
4 30 33
4 31 77
4 32 0
4 33 0
3 22 ->
4 23 96
4 24 4
4 25 0
4 26 [2]
$1,-1
4 27 [39][4]
$401921FB54442D18,3FC810624DD2F1AC,3FFA0E5604189376,3FDB0A3D70A3D70B
$4018D3CD076203BC,3FC810624DD2F1AC,3FFA0CCD7EAF00D8,3FDA69A80110B08E
$40187EF7DB595E3,3FC810624DD2F1AC,3FFA07AE46B9B3F2,3FD9BC7F784158AD
$40182A22AF50B8A5,3FC810624DD2F1AC,3FF9FEFE82EA7537,3FD911A0FA5CB48E
$4017D54D83481319,3FC810624DD2F1AC,3FF9F2CD74214099,3FD86A3892189436
$40178078573F6D8D,3FC810624DD2F1AC,3FF9E33082DDB76C,3FD7C76C3639A396
$40172BA32B36C801,3FC810624DD2F1AC,3FF9D04319A78276,3FD72A59C561F1D4
$4016D6CDFF2E2276,3FC810624DD2F1AC,3FF9BA2674E9F575,3FD694151016169C
$401681F8D3257CEA,3FC810624DD2F1AC,3FF9A10168977D6C,3FD605A5F46A6C24
$40162D23A71CD75F,3FC810624DD2F1AC,3FF985001BFB54ED,3FD580068EAAD3A2
$4015D84E7B1431D3,3FC810624DD2F1AC,3FF96653BC3137B3,3FD50421822AA33A
$401583794F0B8C47,3FC810624DD2F1AC,3FF9453225CB3AB1,3FD492D05D3FF15
$40152EA42302E6BB,3FC810624DD2F1AC,3FF921D5863D6A5C,3FD42CDA1B3DBBB
$4014D9CEF6FA413,3FC810624DD2F1AC,3FF8FC7BF5B54397,3FD3D2F1C70BBCFE
$401484F9CAF19BA5,3FC810624DD2F1AC,3FF8D5670A106A66,3FD385B540C17D52
$401430249EE8F619,3FC810624DD2F1AC,3FF8ACDB63B2157,3FD345AC286CAF58
$4013DB4F72E0508C,3FC810624DD2F1AC,3FF88320350168FA,3FD31346EFE9A6F2
$4013867A46D7AB01,3FC810624DD2F1AC,3FF8587EC5645C91,3FD2EEDE15701ACE
$401331A51ACF0576,3FC810624DD2F1AC,3FF82D41F092B37D,3FD2D8B1882EE886
$4012DCCFEEC65FE9,3FC810624DD2F1AC,3FF801B5A322FBB1,3FD2D0E83807B884
$401287FAC2BDBA5D,3FC810624DD2F1AC,3FF7D62655386575,3FD2D78FD12FA4F4
$4012332596B514D1,3FC810624DD2F1AC,3FF7AAE0843B8F7D,3FD2EC9CA42CF31E
$4011DE506AAC6F47,3FC810624DD2F1AC,3FF780302C8A117A,3FD30FE9BA5C07FA
$4011897B3EA3C9BB,3FC810624DD2F1AC,3FF7566044089F4B,3FD3413916D78FF6
$401134A6129B242F,3FC810624DD2F1AC,3FF72DBA3682113F,3FD380342351E02A
$4010DFD0E6927EA3,3FC810624DD2F1AC,3FF7068564BA7456,3FD3CC6C48206E64
$40108AFBBA89D919,3FC810624DD2F1AC,3FF6E106A718866B,3FD4255BAE6E631A
$401036268E81338D,3FC810624DD2F1AC,3FF6BD7FD4C1B55,3FD48A662B414404
$400FC2A2C4F11C01,3FC810624DD2F1AC,3FF69C2F4FFCE8DC,3FD4FADA51B3078
$400F18F86CDFD0EA,3FC810624DD2F1AC,3FF67D4F98A71BCA,3FD575F2AA8007CE
$400E6F4E14CE85D4,3FC810624DD2F1AC,3FF66116E57A1EF6,3FD5FAD70EC5C136
$400DC5A3BCBD3ABA,3FC810624DD2F1AC,3FF647B6C4D9E83B,3FD6889E23917AD1
$400D1BF964ABEFA3,3FC810624DD2F1AC,3FF6315BC5CF9752,3FD71E4EF3A45BE5
$400C724F0C9AA48E,3FC810624DD2F1AC,3FF61E2D29CAFE69,3FD7BAE2A49D63DA
$400BC8A4B4895975,3FC810624DD2F1AC,3FF60E4C9FB41388,3FD85D4644899EB6
$400B1EFA5C780E5E,3FC810624DD2F1AC,3FF601D608C555A4,3FD9045CACB017C4
$400A75500466C346,3FC810624DD2F1AC,3FF5F8DF479701A4,3FD9AF007649C313
$4009CBA5AC55782E,3FC810624DD2F1AC,3FF5F37819B10E9A,3FDA5C05FDB61E0C
$400921FB54442D18,3FC810624DD2F1AC,3FF5F1A9FBE76C8C,3FDB0A3D70A3D70B
4 28 32
4 29 74
4 30 90
4 31 78
4 32 0
4 33 0
3 22 ->
4 23 95
4 24 4
4 25 0
4 26 [2]
$1,-1
4 27 [39][4]
$401921FB54442D18,3FC810624DD2F1AC,3FFA0E5604189376,3FDB0A3D70A3D70B
$4018D3CD076203BC,3FC810624DD2F1AC,3FFA0CCD7EAF00D8,3FDA69A80110B08E
$40187EF7DB595E3,3FC810624DD2F1AC,3FFA07AE46B9B3F2,3FD9BC7F784158AD
$40182A22AF50B8A5,3FC810624DD2F1AC,3FF9FEFE82EA7537,3FD911A0FA5CB48E
$4017D54D83481319,3FC810624DD2F1AC,3FF9F2CD74214099,3FD86A3892189436
$40178078573F6D8D,3FC810624DD2F1AC,3FF9E33082DDB76C,3FD7C76C3639A396
$40172BA32B36C801,3FC810624DD2F1AC,3FF9D04319A78276,3FD72A59C561F1D4
$4016D6CDFF2E2276,3FC810624DD2F1AC,3FF9BA2674E9F575,3FD694151016169C
$401681F8D3257CEA,3FC810624DD2F1AC,3FF9A10168977D6C,3FD605A5F46A6C24
$40162D23A71CD75F,3FC810624DD2F1AC,3FF985001BFB54ED,3FD580068EAAD3A2
$4015D84E7B1431D3,3FC810624DD2F1AC,3FF96653BC3137B3,3FD50421822AA33A
$401583794F0B8C47,3FC810624DD2F1AC,3FF9453225CB3AB1,3FD492D05D3FF15
$40152EA42302E6BB,3FC810624DD2F1AC,3FF921D5863D6A5C,3FD42CDA1B3DBBB
$4014D9CEF6FA413,3FC810624DD2F1AC,3FF8FC7BF5B54397,3FD3D2F1C70BBCFE
$401484F9CAF19BA5,3FC810624DD2F1AC,3FF8D5670A106A66,3FD385B540C17D52
$401430249EE8F619,3FC810624DD2F1AC,3FF8ACDB63B2157,3FD345AC286CAF58
$4013DB4F72E0508C,3FC810624DD2F1AC,3FF88320350168FA,3FD31346EFE9A6F2
$4013867A46D7AB01,3FC810624DD2F1AC,3FF8587EC5645C91,3FD2EEDE15701ACE
$401331A51ACF0576,3FC810624DD2F1AC,3FF82D41F092B37D,3FD2D8B1882EE886
$4012DCCFEEC65FE9,3FC810624DD2F1AC,3FF801B5A322FBB1,3FD2D0E83807B884
$401287FAC2BDBA5D,3FC810624DD2F1AC,3FF7D62655386575,3FD2D78FD12FA4F4
$4012332596B514D1,3FC810624DD2F1AC,3FF7AAE0843B8F7D,3FD2EC9CA42CF31E
$4011DE506AAC6F47,3FC810624DD2F1AC,3FF780302C8A117A,3FD30FE9BA5C07FA
$4011897B3EA3C9BB,3FC810624DD2F1AC,3FF7566044089F4B,3FD3413916D78FF6
$401134A6129B242F,3FC810624DD2F1AC,3FF72DBA3682113F,3FD380342351E02A
$4010DFD0E6927EA3,3FC810624DD2F1AC,3FF7068564BA7456,3FD3CC6C48206E64
$40108AFBBA89D919,3FC810624DD2F1AC,3FF6E106A718866B,3FD4255BAE6E631A
$401036268E81338D,3FC810624DD2F1AC,3FF6BD7FD4C1B55,3FD48A662B414404
$400FC2A2C4F11C01,3FC810624DD2F1AC,3FF69C2F4FFCE8DC,3FD4FADA51B3078
$400F18F86CDFD0EA,3FC810624DD2F1AC,3FF67D4F98A71BCA,3FD575F2AA8007CE
$400E6F4E14CE85D4,3FC810624DD2F1AC,3FF66116E57A1EF6,3FD5FAD70EC5C136
$400DC5A3BCBD3ABA,3FC810624DD2F1AC,3FF647B6C4D9E83B,3FD6889E23917AD1
$400D1BF964ABEFA3,3FC810624DD2F1AC,3FF6315BC5CF9752,3FD71E4EF3A45BE5
$400C724F0C9AA48E,3FC810624DD2F1AC,3FF61E2D29CAFE69,3FD7BAE2A49D63DA
$400BC8A4B4895975,3FC810624DD2F1AC,3FF60E4C9FB41388,3FD85D4644899EB6
$400B1EFA5C780E5E,3FC810624DD2F1AC,3FF601D608C555A4,3FD9045CACB017C4
$400A75500466C346,3FC810624DD2F1AC,3FF5F8DF479701A4,3FD9AF007649C313
$4009CBA5AC55782E,3FC810624DD2F1AC,3FF5F37819B10E9A,3FDA5C05FDB61E0C
$400921FB54442D18,3FC810624DD2F1AC,3FF5F1A9FBE76C8C,3FDB0A3D70A3D70B
4 28 31
4 29 73
4 30 89
4 31 77
4 32 0
4 33 0
3 22 ->
4 23 92
4 24 4
4 25 0
4 26 [2]
$1,-1
4 27 [2][4]
$0,3FC810624DD2F1AC,401921FB54442D18,3FC810624DD2F1AC
$0,0,401921FB54442D18,0
4 28 88
4 29 32
4 30 94
4 31 96
4 32 0
4 33 0
3 22 ->
4 23 91
4 24 4
4 25 0
4 26 [2]
$1,-1
4 27 [2][4]
$0,3FC810624DD2F1AC,401921FB54442D18,3FC810624DD2F1AC
$0,0,401921FB54442D18,0
4 28 87
4 29 31
4 30 93
4 31 95
4 32 0
4 33 0
3 22 ->
4 23 38
4 24 4
4 25 0
4 26 [2]
$1,-1
4 27 [39][4]
$3FF5F1A9FBE76C87,3FDB0A3D70A3D70B,401921FB54442D18,3C8
$3FF5F3328150FF25,3FDA69A80110B08E,4018D3CD076203BC,3C8
$3FF5F851B9464C0B,3FD9BC7F784158AC,40187EF7DB595E3,3C8
$3FF601017D158AC6,3FD911A0FA5CB48C,40182A22AF50B8A4,3C8
$3FF60D328BDEBF64,3FD86A3892189434,4017D54D83481319,3C8
$3FF61CCF7D224891,3FD7C76C3639A393,40178078573F6D8D,3C8
$3FF62FBCE6587D87,3FD72A59C561F1D1,40172BA32B36C802,3C8
$3FF645D98B160A88,3FD6941510161698,4016D6CDFF2E2276,3C8
$3FF65EFE9768829,3FD605A5F46A6C2,401681F8D3257CEB,3C8
$3FF67AFFE404AB1,3FD580068EAAD39C,40162D23A71CD75E,3C8
$3FF699AC43CEC84A,3FD50421822AA334,4015D84E7B1431D3,3C8
$3FF6BACDDA34C54C,3FD492D05D3FF14C,401583794F0B8C48,3C8
$3FF6DE2A79C295A2,3FD42CDA1B3DBBAA,40152EA42302E6BB,3C8
$3FF703840A4ABC67,3FD3D2F1C70BBCF8,4014D9CEF6FA413,3C8
$3FF72A98F5EF9598,3FD385B540C17D4A,401484F9CAF19BA3,3C8
$3FF753249C4DEA8E,3FD345AC286CAF5,401430249EE8F618,3C8
$3FF77CDFCAFE9704,3FD31346EFE9A6EC,4013DB4F72E0508D,3C8
$3FF7A7813A9BA36E,3FD2EEDE15701AC6,4013867A46D7AB01,3C8
$3FF7D2BE0F6D4C82,3FD2D8B1882EE87E,401331A51ACF0576,3C8
$3FF7FE4A5CDD044D,3FD2D0E83807B87E,4012DCCFEEC65FEA,3C8
$3FF829D9AAC79A8A,3FD2D78FD12FA4EE,401287FAC2BDBA5E,3C8
$3FF8551F7BC47081,3FD2EC9CA42CF316,4012332596B514D2,3C8
$3FF87FCFD375EE85,3FD30FE9BA5C07F4,4011DE506AAC6F46,3C8
$3FF8A99FBBF760B4,3FD3413916D78FF,4011897B3EA3C9BB,3C8
$3FF8D245C97DEEC,3FD380342351E024,401134A6129B242F,3C8
$3FF8F97A9B458BA9,3FD3CC6C48206E5E,4010DFD0E6927EA4,3C8
$3FF91EF958E77995,3FD4255BAE6E6314,40108AFBBA89D918,3C8
$3FF942802B3E4AB,3FD48A662B4143FE,401036268E81338D,3C8
$3FF963D0B0031724,3FD4FADA51B3077A,400FC2A2C4F11C01,3C8
$3FF982B06758E436,3FD575F2AA8007CA,400F18F86CDFD0EA,3C8
$3FF99EE91A85E10A,3FD5FAD70EC5C132,400E6F4E14CE85D2,3C8
$3FF9B8493B2617C5,3FD6889E23917ACD,400DC5A3BCBD3ABC,3C8
$3FF9CEA43A3068AE,3FD71E4EF3A45BE1,400D1BF964ABEFA4,3C8
$3FF9E1D2D6350198,3FD7BAE2A49D63D7,400C724F0C9AA48C,3C8
$3FF9F1B3604BEC78,3FD85D4644899EB4,400BC8A4B4895975,3C8
$3FF9FE29F73AAA5C,3FD9045CACB017C3,400B1EFA5C780E5D,3C8
$3FFA0720B868FE5C,3FD9AF007649C312,400A75500466C346,3C8
$3FFA0C87E64EF167,3FDA5C05FDB61E0B,4009CBA5AC55782F,3C8
$3FFA0E5604189374,3FDB0A3D70A3D70B,400921FB54442D18,3C8
4 28 82
4 29 36
4 30 86
4 31 98
4 32 0
4 33 0
3 22 ->
4 23 37
4 24 4
4 25 0
4 26 [2]
$1,-1
4 27 [39][4]
$3FF5F1A9FBE76C87,3FDB0A3D70A3D70B,401921FB54442D18,3C8
$3FF5F3328150FF25,3FDA69A80110B08E,4018D3CD076203BC,3C8
$3FF5F851B9464C0B,3FD9BC7F784158AC,40187EF7DB595E3,3C8
$3FF601017D158AC6,3FD911A0FA5CB48C,40182A22AF50B8A4,3C8
$3FF60D328BDEBF64,3FD86A3892189434,4017D54D83481319,3C8
$3FF61CCF7D224891,3FD7C76C3639A393,40178078573F6D8D,3C8
$3FF62FBCE6587D87,3FD72A59C561F1D1,40172BA32B36C802,3C8
$3FF645D98B160A88,3FD6941510161698,4016D6CDFF2E2276,3C8
$3FF65EFE9768829,3FD605A5F46A6C2,401681F8D3257CEB,3C8
$3FF67AFFE404AB1,3FD580068EAAD39C,40162D23A71CD75E,3C8
$3FF699AC43CEC84A,3FD50421822AA334,4015D84E7B1431D3,3C8
$3FF6BACDDA34C54C,3FD492D05D3FF14C,401583794F0B8C48,3C8
$3FF6DE2A79C295A2,3FD42CDA1B3DBBAA,40152EA42302E6BB,3C8
$3FF703840A4ABC67,3FD3D2F1C70BBCF8,4014D9CEF6FA413,3C8
$3FF72A98F5EF9598,3FD385B540C17D4A,401484F9CAF19BA3,3C8
$3FF753249C4DEA8E,3FD345AC286CAF5,401430249EE8F618,3C8
$3FF77CDFCAFE9704,3FD31346EFE9A6EC,4013DB4F72E0508D,3C8
$3FF7A7813A9BA36E,3FD2EEDE15701AC6,4013867A46D7AB01,3C8
$3FF7D2BE0F6D4C82,3FD2D8B1882EE87E,401331A51ACF0576,3C8
$3FF7FE4A5CDD044D,3FD2D0E83807B87E,4012DCCFEEC65FEA,3C8
$3FF829D9AAC79A8A,3FD2D78FD12FA4EE,401287FAC2BDBA5E,3C8
$3FF8551F7BC47081,3FD2EC9CA42CF316,4012332596B514D2,3C8
$3FF87FCFD375EE85,3FD30FE9BA5C07F4,4011DE506AAC6F46,3C8
$3FF8A99FBBF760B4,3FD3413916D78FF,4011897B3EA3C9BB,3C8
$3FF8D245C97DEEC,3FD380342351E024,401134A6129B242F,3C8
$3FF8F97A9B458BA9,3FD3CC6C48206E5E,4010DFD0E6927EA4,3C8
$3FF91EF958E77995,3FD4255BAE6E6314,40108AFBBA89D918,3C8
$3FF942802B3E4AB,3FD48A662B4143FE,401036268E81338D,3C8
$3FF963D0B0031724,3FD4FADA51B3077A,400FC2A2C4F11C01,3C8
$3FF982B06758E436,3FD575F2AA8007CA,400F18F86CDFD0EA,3C8
$3FF99EE91A85E10A,3FD5FAD70EC5C132,400E6F4E14CE85D2,3C8
$3FF9B8493B2617C5,3FD6889E23917ACD,400DC5A3BCBD3ABC,3C8
$3FF9CEA43A3068AE,3FD71E4EF3A45BE1,400D1BF964ABEFA4,3C8
$3FF9E1D2D6350198,3FD7BAE2A49D63D7,400C724F0C9AA48C,3C8
$3FF9F1B3604BEC78,3FD85D4644899EB4,400BC8A4B4895975,3C8
$3FF9FE29F73AAA5C,3FD9045CACB017C3,400B1EFA5C780E5D,3C8
$3FFA0720B868FE5C,3FD9AF007649C312,400A75500466C346,3C8
$3FFA0C87E64EF167,3FDA5C05FDB61E0B,4009CBA5AC55782F,3C8
$3FFA0E5604189374,3FDB0A3D70A3D70B,400921FB54442D18,3C8
4 28 81
4 29 35
4 30 85
4 31 97
4 32 0
4 33 0
3 22 ->
4 23 72
4 24 4
4 25 0
4 26 [2]
$1,-1
4 27 [2][4]
$400921FB54442D18,3FC810624DD2F1AC,400921FB54442D18,3FC810624DD2F1AC
$400921FB54442D18,3C8,400921FB54442D18,3C8
4 28 36
4 29 70
4 30 38
4 31 100
4 32 0
4 33 0
3 22 ->
4 23 71
4 24 4
4 25 0
4 26 [2]
$1,-1
4 27 [2][4]
$400921FB54442D18,3FC810624DD2F1AC,400921FB54442D18,3FC810624DD2F1AC
$400921FB54442D18,3C8,400921FB54442D18,3C8
4 28 35
4 29 69
4 30 37
4 31 99
4 32 0
4 33 0
3 22 ->
4 23 80
4 24 4
4 25 0
4 26 [2]
$1,-1
4 27 [39][4]
$3FD7C6A7EF9DB238,3FDB0A3D70A3D70B,400921FB54442D18,3FC810624DD2F1AC
$3FD7CCCA0543FCB,3FDA69A80110B08E,4009BE57EE087FD,3FC810624DD2F1AC
$3FD7E146E5193048,3FD9BC7F784158AD,400A68024619CAE7,3FC810624DD2F1AC
$3FD80405F4562B34,3FD911A0FA5CB48D,400B11AC9E2B15FE,3FC810624DD2F1AC
$3FD834CA2F7AFDAC,3FD86A3892189435,400BBB56F63C6115,3FC810624DD2F1AC
$3FD8733DF489226,3FD7C76C3639A394,400C65014E4DAC2D,3FC810624DD2F1AC
$3FD8BEF39961F638,3FD72A59C561F1D2,400D0EABA65EF744,3FC810624DD2F1AC
$3FD917662C582A3B,3FD6941510161698,400DB855FE70425D,3FC810624DD2F1AC
$3FD97BFA5DA20A5F,3FD605A5F46A6C2,400E620056818D73,3FC810624DD2F1AC
$3FD9EBFF9012AC5E,3FD580068EAAD39E,400F0BAAAE92D88A,3FC810624DD2F1AC
$3FDA66B10F3B2144,3FD50421822AA334,400FB55506A423A2,3FC810624DD2F1AC
$3FDAEB3768D3154C,3FD492D05D3FF14C,40102F7FAF5AB75C,3FC810624DD2F1AC
$3FDB78A9E70A56A2,3FD42CDA1B3DBBAA,40108454DB635CE8,3FC810624DD2F1AC
$3FDC0E10292AF1B8,3FD3D2F1C70BBCF8,4010D92A076C0274,3FC810624DD2F1AC
$3FDCAA63D7BE567D,3FD385B540C17D4C,40112DFF3374A8,3FC810624DD2F1AC
$3FDD4C927137AA55,3FD345AC286CAF52,401182D45F7D4D8B,3FC810624DD2F1AC
$3FDDF37F2BFA5C2B,3FD31346EFE9A6EC,4011D7A98B85F317,3FC810624DD2F1AC
$3FDE9E04EA6E8DD2,3FD2EEDE15701AC8,40122C7EB78E98A3,3FC810624DD2F1AC
$3FDF4AF83DB53222,3FD2D8B1882EE87E,40128153E3973E2E,3FC810624DD2F1AC
$3FDFF9297374115,3FD2D0E83807B87E,4012D6290F9FE3BA,3FC810624DD2F1AC
$3FE053B3558F3521,3FD2D78FD12FA4EE,40132AFE3BA88946,3FC810624DD2F1AC
$3FE0AA3EF788E11,3FD2EC9CA42CF316,40137FD367B12ED1,3FC810624DD2F1AC
$3FE0FF9FA6EBDD18,3FD30FE9BA5C07F4,4013D4A893B9D45D,3FC810624DD2F1AC
$3FE1533F77EEC176,3FD3413916D78FF,4014297DBFC279E9,3FC810624DD2F1AC
$3FE1A48B92FBDD8E,3FD380342351E024,40147E52EBCB1F74,3FC810624DD2F1AC
$3FE1F2F5368B175F,3FD3CC6C48206E5E,4014D32817D3C5,3FC810624DD2F1AC
$3FE23DF2B1CEF338,3FD4255BAE6E6314,401527FD43DC6A8C,3FC810624DD2F1AC
$3FE28500567C956E,3FD48A662B4143FE,40157CD26FE51017,3FC810624DD2F1AC
$3FE2C7A160062E56,3FD4FADA51B3077A,4015D1A79BEDB5A4,3FC810624DD2F1AC
$3FE30560CEB1C879,3FD575F2AA8007CA,4016267CC7F65B2F,3FC810624DD2F1AC
$3FE33DD2350BC223,3FD5FAD70EC5C132,40167B51F3FF00BB,3FC810624DD2F1AC
$3FE37092764C2F97,3FD6889E23917ACD,4016D0272007A646,3FC810624DD2F1AC
$3FE39D487460D16A,3FD71E4EF3A45BE1,401724FC4C104BD2,3FC810624DD2F1AC
$3FE3C3A5AC6A033D,3FD7BAE2A49D63D7,401779D17818F15E,3FC810624DD2F1AC
$3FE3E366C097D8FF,3FD85D4644899EB3,4017CEA6A42196E9,3FC810624DD2F1AC
$3FE3FC53EE7554C6,3FD9045CACB017C2,4018237BD02A3C75,3FC810624DD2F1AC
$3FE40E4170D1FCC7,3FD9AF007649C311,40187850FC32E2,3FC810624DD2F1AC
$3FE4190FCC9DE2DC,3FDA5C05FDB61E0B,4018CD26283B878C,3FC810624DD2F1AC
$3FE41CAC083126F6,3FDB0A3D70A3D70B,401921FB54442D18,3FC810624DD2F1AC
4 28 74
4 29 36
4 30 100
4 31 72
4 32 0
4 33 0
3 22 ->
4 23 79
4 24 4
4 25 0
4 26 [2]
$1,-1
4 27 [39][4]
$3FD7C6A7EF9DB238,3FDB0A3D70A3D70B,400921FB54442D18,3FC810624DD2F1AC
$3FD7CCCA0543FCB,3FDA69A80110B08E,4009BE57EE087FD,3FC810624DD2F1AC
$3FD7E146E5193048,3FD9BC7F784158AD,400A68024619CAE7,3FC810624DD2F1AC
$3FD80405F4562B34,3FD911A0FA5CB48D,400B11AC9E2B15FE,3FC810624DD2F1AC
$3FD834CA2F7AFDAC,3FD86A3892189435,400BBB56F63C6115,3FC810624DD2F1AC
$3FD8733DF489226,3FD7C76C3639A394,400C65014E4DAC2D,3FC810624DD2F1AC
$3FD8BEF39961F638,3FD72A59C561F1D2,400D0EABA65EF744,3FC810624DD2F1AC
$3FD917662C582A3B,3FD6941510161698,400DB855FE70425D,3FC810624DD2F1AC
$3FD97BFA5DA20A5F,3FD605A5F46A6C2,400E620056818D73,3FC810624DD2F1AC
$3FD9EBFF9012AC5E,3FD580068EAAD39E,400F0BAAAE92D88A,3FC810624DD2F1AC
$3FDA66B10F3B2144,3FD50421822AA334,400FB55506A423A2,3FC810624DD2F1AC
$3FDAEB3768D3154C,3FD492D05D3FF14C,40102F7FAF5AB75C,3FC810624DD2F1AC
$3FDB78A9E70A56A2,3FD42CDA1B3DBBAA,40108454DB635CE8,3FC810624DD2F1AC
$3FDC0E10292AF1B8,3FD3D2F1C70BBCF8,4010D92A076C0274,3FC810624DD2F1AC
$3FDCAA63D7BE567D,3FD385B540C17D4C,40112DFF3374A8,3FC810624DD2F1AC
$3FDD4C927137AA55,3FD345AC286CAF52,401182D45F7D4D8B,3FC810624DD2F1AC
$3FDDF37F2BFA5C2B,3FD31346EFE9A6EC,4011D7A98B85F317,3FC810624DD2F1AC
$3FDE9E04EA6E8DD2,3FD2EEDE15701AC8,40122C7EB78E98A3,3FC810624DD2F1AC
$3FDF4AF83DB53222,3FD2D8B1882EE87E,40128153E3973E2E,3FC810624DD2F1AC
$3FDFF9297374115,3FD2D0E83807B87E,4012D6290F9FE3BA,3FC810624DD2F1AC
$3FE053B3558F3521,3FD2D78FD12FA4EE,40132AFE3BA88946,3FC810624DD2F1AC
$3FE0AA3EF788E11,3FD2EC9CA42CF316,40137FD367B12ED1,3FC810624DD2F1AC
$3FE0FF9FA6EBDD18,3FD30FE9BA5C07F4,4013D4A893B9D45D,3FC810624DD2F1AC
$3FE1533F77EEC176,3FD3413916D78FF,4014297DBFC279E9,3FC810624DD2F1AC
$3FE1A48B92FBDD8E,3FD380342351E024,40147E52EBCB1F74,3FC810624DD2F1AC
$3FE1F2F5368B175F,3FD3CC6C48206E5E,4014D32817D3C5,3FC810624DD2F1AC
$3FE23DF2B1CEF338,3FD4255BAE6E6314,401527FD43DC6A8C,3FC810624DD2F1AC
$3FE28500567C956E,3FD48A662B4143FE,40157CD26FE51017,3FC810624DD2F1AC
$3FE2C7A160062E56,3FD4FADA51B3077A,4015D1A79BEDB5A4,3FC810624DD2F1AC
$3FE30560CEB1C879,3FD575F2AA8007CA,4016267CC7F65B2F,3FC810624DD2F1AC
$3FE33DD2350BC223,3FD5FAD70EC5C132,40167B51F3FF00BB,3FC810624DD2F1AC
$3FE37092764C2F97,3FD6889E23917ACD,4016D0272007A646,3FC810624DD2F1AC
$3FE39D487460D16A,3FD71E4EF3A45BE1,401724FC4C104BD2,3FC810624DD2F1AC
$3FE3C3A5AC6A033D,3FD7BAE2A49D63D7,401779D17818F15E,3FC810624DD2F1AC
$3FE3E366C097D8FF,3FD85D4644899EB3,4017CEA6A42196E9,3FC810624DD2F1AC
$3FE3FC53EE7554C6,3FD9045CACB017C2,4018237BD02A3C75,3FC810624DD2F1AC
$3FE40E4170D1FCC7,3FD9AF007649C311,40187850FC32E2,3FC810624DD2F1AC
$3FE4190FCC9DE2DC,3FDA5C05FDB61E0B,4018CD26283B878C,3FC810624DD2F1AC
$3FE41CAC083126F6,3FDB0A3D70A3D70B,401921FB54442D18,3FC810624DD2F1AC
4 28 73
4 29 35
4 30 99
4 31 71
4 32 0
4 33 0
3 22 ->
4 23 98
4 24 4
4 25 0
4 26 [2]
$1,-1
4 27 [2][4]
$0,3FC810624DD2F1AC,401921FB54442D18,3FC810624DD2F1AC
$0,3C8,401921FB54442D18,3C8
4 28 70
4 29 36
4 30 86
4 31 80
4 32 0
4 33 0
3 22 ->
4 23 97
4 24 4
4 25 0
4 26 [2]
$1,-1
4 27 [2][4]
$0,3FC810624DD2F1AC,401921FB54442D18,3FC810624DD2F1AC
$0,3C8,401921FB54442D18,3C8
4 28 69
4 29 35
4 30 85
4 31 79
4 32 0
4 33 0
3 22 ->
4 23 42
4 24 4
4 25 0
4 26 [2]
$1,-1
4 27 [2][4]
$3FEBFFFFFFFFFFFE,3FC624DD2F1A9FCA,0,3FC4395810624DDE
$3FEBFFFFFFFFFFFE,3F8EB851EB851E7,0,BCA4
4 28 64
4 29 40
4 30 62
4 31 102
4 32 0
4 33 0
3 22 ->
4 23 41
4 24 4
4 25 0
4 26 [2]
$1,-1
4 27 [2][4]
$3FEBFFFFFFFFFFFE,3FC624DD2F1A9FCA,0,3FC4395810624DDE
$3FEBFFFFFFFFFFFE,3F8EB851EB851E7,0,BCA4
4 28 63
4 29 39
4 30 61
4 31 101
4 32 0
4 33 0
3 22 ->
4 23 104
4 24 4
4 25 0
4 26 [2]
$1,-1
4 27 [2][4]
$401921FB54442D18,4000000000000001,0,BCA4
$401921FB54442D18,0,4000000000000001,BCA4
4 28 60
4 29 40
4 30 106
4 31 42
4 32 0
4 33 0
3 22 ->
4 23 103
4 24 4
4 25 0
4 26 [2]
$1,-1
4 27 [2][4]
$401921FB54442D18,4000000000000001,0,BCA4
$401921FB54442D18,0,4000000000000001,BCA4
4 28 59
4 29 39
4 30 105
4 31 41
4 32 0
4 33 0
3 22 ->
4 23 108
4 24 4
4 25 0
4 26 [2]
$1,-1
4 27 [2][4]
$0,3F8EB851EB851E7,4000000000000001,BCA4
$0,3FC624DD2F1A9FCA,4000000000000001,3FC4395810624DDE
4 28 56
4 29 40
4 30 110
4 31 104
4 32 0
4 33 0
3 22 ->
4 23 107
4 24 4
4 25 0
4 26 [2]
$1,-1
4 27 [2][4]
$0,3F8EB851EB851E7,4000000000000001,BCA4
$0,3FC624DD2F1A9FCA,4000000000000001,3FC4395810624DDE
4 28 55
4 29 39
4 30 109
4 31 103
4 32 0
4 33 0
3 22 ->
4 23 102
4 24 4
4 25 0
4 26 [2]
$1,-1
4 27 [2][4]
$0,0,4000000000000001,3FC4395810624DDE
$0,4000000000000001,0,3FC4395810624DDE
4 28 52
4 29 40
4 30 54
4 31 108
4 32 0
4 33 0
3 22 ->
4 23 101
4 24 4
4 25 0
4 26 [2]
$1,-1
4 27 [2][4]
$0,0,4000000000000001,3FC4395810624DDE
$0,4000000000000001,0,3FC4395810624DDE
4 28 51
4 29 39
4 30 53
4 31 107
4 32 0
4 33 0
3 22 ->
4 23 46
4 24 4
4 25 0
4 26 [2]
$1,-1
4 27 [2][4]
$0,3F8EB851EB851EA,4000000000000001,BC9
$0,3FC624DD2F1A9FCB,4000000000000001,3FC4395810624DDF
4 28 64
4 29 44
4 30 50
4 31 112
4 32 0
4 33 0
3 22 ->
4 23 45
4 24 4
4 25 0
4 26 [2]
$1,-1
4 27 [2][4]
$0,3F8EB851EB851EA,4000000000000001,BC9
$0,3FC624DD2F1A9FCB,4000000000000001,3FC4395810624DDF
4 28 63
4 29 43
4 30 49
4 31 111
4 32 0
4 33 0
3 22 ->
4 23 114
4 24 4
4 25 0
4 26 [2]
$1,-1
4 27 [2][4]
$400921FB54442D18,4000000000000001,4000000000000001,3FC4395810624DDF
$400921FB54442D18,0,0,3FC4395810624DDF
4 28 48
4 29 44
4 30 116
4 31 46
4 32 0
4 33 0
3 22 ->
4 23 113
4 24 4
4 25 0
4 26 [2]
$1,-1
4 27 [2][4]
$400921FB54442D18,4000000000000001,4000000000000001,3FC4395810624DDF
$400921FB54442D18,0,0,3FC4395810624DDF
4 28 47
4 29 43
4 30 115
4 31 45
4 32 0
4 33 0
3 22 ->
4 23 118
4 24 4
4 25 0
4 26 [2]
$1,-1
4 27 [2][4]
$3FEBFFFFFFFFFFFF,3FC624DD2F1A9FCB,0,3FC4395810624DDF
$3FEBFFFFFFFFFFFF,3F8EB851EB851EA,0,BC9
4 28 56
4 29 44
4 30 120
4 31 114
4 32 0
4 33 0
3 22 ->
4 23 117
4 24 4
4 25 0
4 26 [2]
$1,-1
4 27 [2][4]
$3FEBFFFFFFFFFFFF,3FC624DD2F1A9FCB,0,3FC4395810624DDF
$3FEBFFFFFFFFFFFF,3F8EB851EB851EA,0,BC9
4 28 55
4 29 43
4 30 119
4 31 113
4 32 0
4 33 0
3 22 ->
4 23 112
4 24 4
4 25 0
4 26 [2]
$1,-1
4 27 [2][4]
$400921FB54442D14,0,0,BC8
$400921FB54442D14,4000000000000001,4000000000000001,BC8
4 28 68
4 29 44
4 30 66
4 31 118
4 32 0
4 33 0
3 22 ->
4 23 111
4 24 4
4 25 0
4 26 [2]
$1,-1
4 27 [2][4]
$400921FB54442D14,0,0,BC8
$400921FB54442D14,4000000000000001,4000000000000001,BC8
4 28 67
4 29 43
4 30 65
4 31 117
4 32 0
4 33 0
3 22 ->
4 23 50
4 24 4
4 25 0
4 26 [2]
$1,-1
4 27 [8][4]
$3CC68,3FC624DD2F1A9FCB,400921FB54442D18,4000000000000001
$3F3B7A74C7EDE6E,3FC69843D718FFEE,40073C9D052C2B2F,4000000000000001
$3F5BB74D396BC298,3FC7079F3D81F98E,40054BF468FBCA57,4000000000000001
$3F6EA95995882F68,3FC769B5606FD041,40035B4BCCCB698,4000000000000001
$3F7A6E53F7D88F0A,3FC7B8C8BA9DA7C9,40016AA3309B08A8,4000000000000001
$3F83CA3DC0A288A3,3FC7F03898650F27,3FFEF3F528D54FA,4000000000000001
$3F8B011206934D52,3FC80CC66CCFE376,3FFB12A3F0748DF1,4000000000000001
$3F8EB851EB852014,3FC810624DD2F1B6,3FF921FB54442D19,4000000000000001
4 28 64
4 29 48
4 30 76
4 31 114
4 32 0
4 33 0
3 22 ->
4 23 49
4 24 4
4 25 0
4 26 [2]
$1,-1
4 27 [8][4]
$3CC68,3FC624DD2F1A9FCB,400921FB54442D18,4000000000000001
$3F3B7A74C7EDE6E,3FC69843D718FFEE,40073C9D052C2B2F,4000000000000001
$3F5BB74D396BC298,3FC7079F3D81F98E,40054BF468FBCA57,4000000000000001
$3F6EA95995882F68,3FC769B5606FD041,40035B4BCCCB698,4000000000000001
$3F7A6E53F7D88F0A,3FC7B8C8BA9DA7C9,40016AA3309B08A8,4000000000000001
$3F83CA3DC0A288A3,3FC7F03898650F27,3FFEF3F528D54FA,4000000000000001
$3F8B011206934D52,3FC80CC66CCFE376,3FFB12A3F0748DF1,4000000000000001
$3F8EB851EB852014,3FC810624DD2F1B6,3FF921FB54442D19,4000000000000001
4 28 63
4 29 47
4 30 75
4 31 113
4 32 0
4 33 0
3 22 ->
4 23 122
4 24 4
4 25 0
4 26 [2]
$1,-1
4 27 [2][4]
$0,3FEB0A3D70A3D703,3FF921FB54442D1A,4000000000000001
$4000000000000001,3FEB0A3D70A3D703,3FF921FB54442D1A,0
4 28 74
4 29 48
4 30 58
4 31 50
4 32 0
4 33 0
3 22 ->
4 23 121
4 24 4
4 25 0
4 26 [2]
$1,-1
4 27 [2][4]
$0,3FEB0A3D70A3D703,3FF921FB54442D1A,4000000000000001
$4000000000000001,3FEB0A3D70A3D703,3FF921FB54442D1A,0
4 28 73
4 29 47
4 30 57
4 31 49
4 32 0
4 33 0
3 22 ->
4 23 116
4 24 4
4 25 0
4 26 [2]
$1,-1
4 27 [8][4]
$3FEB851EB851EB7E,3FC810624DD2F1B6,3FF921FB54442D19,0
$3FEBA1F862518387,3FC802A5136EFAD9,3FFCECB7F27430EB,0
$3FEBBDCF3BEBC1EF,3FC7D8F3B3601A47,40006704956A794D,0
$3FEBD654C4A7379B,3FC795BCE77CD10F,400257AD319ADA25,0
$3FEBEA199B32AD7D,3FC73CEFAE142D54,40044855CDCB3AFD,0
$3FEBF7F592A48755,3FC6D3BE71C8C942,400638FE69FB9BD5,0
$3FEBFF1907BF3C69,3FC660512D69BCF7,400829A7062BFCAD,0
$3FEBFFFFFFFFFFF9,3FC624DD2F1A9FCB,400921FB54442D18,0
4 28 56
4 29 48
4 30 118
4 31 122
4 32 0
4 33 0
3 22 ->
4 23 115
4 24 4
4 25 0
4 26 [2]
$1,-1
4 27 [8][4]
$3FEB851EB851EB7E,3FC810624DD2F1B6,3FF921FB54442D19,0
$3FEBA1F862518387,3FC802A5136EFAD9,3FFCECB7F27430EB,0
$3FEBBDCF3BEBC1EF,3FC7D8F3B3601A47,40006704956A794D,0
$3FEBD654C4A7379B,3FC795BCE77CD10F,400257AD319ADA25,0
$3FEBEA199B32AD7D,3FC73CEFAE142D54,40044855CDCB3AFD,0
$3FEBF7F592A48755,3FC6D3BE71C8C942,400638FE69FB9BD5,0
$3FEBFF1907BF3C69,3FC660512D69BCF7,400829A7062BFCAD,0
$3FEBFFFFFFFFFFF9,3FC624DD2F1A9FCB,400921FB54442D18,0
4 28 55
4 29 47
4 30 117
4 31 121
4 32 0
4 33 0
3 22 ->
4 23 54
4 24 4
4 25 0
4 26 [2]
$1,-1
4 27 [8][4]
$3FEB851EB851EB81,3FC810624DD2F1AB,3FF921FB54442CD6,4000000000000001
$3FEBA1F862518387,3FC802A5136EFACE,3FF5573EB614294B,4000000000000001
$3FEBBDCF3BEBC1EF,3FC7D8F3B3601A3D,3FF175ED7DB36788,4000000000000001
$3FEBD654C4A7379B,3FC795BCE77CD106,3FEB29388AA54BC1,4000000000000001
$3FEBEA199B32AD7C,3FC73CEFAE142D4D,3FE3669619E3C889,4000000000000001
$3FEBF7F592A48754,3FC6D3BE71C8C93E,3FD747E752448A09,4000000000000001
$3FEBFF1907BF3C67,3FC660512D69BCF5,3FBF0A89C3060D92,4000000000000001
$3FEBFFFFFFFFFFF7,3FC624DD2F1A9FCA,0,4000000000000001
4 28 64
4 29 52
4 30 42
4 31 124
4 32 0
4 33 0
3 22 ->
4 23 53
4 24 4
4 25 0
4 26 [2]
$1,-1
4 27 [8][4]
$3FEB851EB851EB81,3FC810624DD2F1AB,3FF921FB54442CD6,4000000000000001
$3FEBA1F862518387,3FC802A5136EFACE,3FF5573EB614294B,4000000000000001
$3FEBBDCF3BEBC1EF,3FC7D8F3B3601A3D,3FF175ED7DB36788,4000000000000001
$3FEBD654C4A7379B,3FC795BCE77CD106,3FEB29388AA54BC1,4000000000000001
$3FEBEA199B32AD7C,3FC73CEFAE142D4D,3FE3669619E3C889,4000000000000001
$3FEBF7F592A48754,3FC6D3BE71C8C93E,3FD747E752448A09,4000000000000001
$3FEBFF1907BF3C67,3FC660512D69BCF5,3FBF0A89C3060D92,4000000000000001
$3FEBFFFFFFFFFFF7,3FC624DD2F1A9FCA,0,4000000000000001
4 28 63
4 29 51
4 30 41
4 31 123
4 32 0
4 33 0
3 22 ->
4 23 110
4 24 4
4 25 0
4 26 [2]
$1,-1
4 27 [8][4]
$3CCC,3FC624DD2F1A9FCA,0,0
$3F3B7A74C7EDE8,3FC69843D718FFE3,3FCE55E4F1801C42,0
$3F5BB74D396BC2,3FC7079F3D81F981,3FDEB0375A4314E4,0
$3F6EA95995882F,3FC769B5606FD033,3FE71ABE1DE30DF9,0
$3F7A6E53F7D88E8,3FC7B8C8BA9DA7BB,3FEEDD608EA4916,0
$3F83CA3DC0A288,3FC7F03898650F1A,3FF350017FB30A46,0
$3F8B011206934C8,3FC80CC66CCFE36A,3FF73152B813CBF4,0
$3F8EB851EB851F4,3FC810624DD2F1AB,3FF921FB54442CD6,0
4 28 56
4 29 52
4 30 58
4 31 102
4 32 0
4 33 0
3 22 ->
4 23 109
4 24 4
4 25 0
4 26 [2]
$1,-1
4 27 [8][4]
$3CCC,3FC624DD2F1A9FCA,0,0
$3F3B7A74C7EDE8,3FC69843D718FFE3,3FCE55E4F1801C42,0
$3F5BB74D396BC2,3FC7079F3D81F981,3FDEB0375A4314E4,0
$3F6EA95995882F,3FC769B5606FD033,3FE71ABE1DE30DF9,0
$3F7A6E53F7D88E8,3FC7B8C8BA9DA7BB,3FEEDD608EA4916,0
$3F83CA3DC0A288,3FC7F03898650F1A,3FF350017FB30A46,0
$3F8B011206934C8,3FC80CC66CCFE36A,3FF73152B813CBF4,0
$3F8EB851EB851F4,3FC810624DD2F1AB,3FF921FB54442CD6,0
4 28 55
4 29 51
4 30 57
4 31 101
4 32 0
4 33 0
3 22 ->
4 23 124
4 24 4
4 25 0
4 26 [2]
$1,-1
4 27 [2][4]
$4000000000000001,0,3FF921FB54442C93,0
$0,0,3FF921FB54442C93,4000000000000001
4 28 74
4 29 52
4 30 76
4 31 110
4 32 0
4 33 0
3 22 ->
4 23 123
4 24 4
4 25 0
4 26 [2]
$1,-1
4 27 [2][4]
$4000000000000001,0,3FF921FB54442C93,0
$0,0,3FF921FB54442C93,4000000000000001
4 28 73
4 29 51
4 30 75
4 31 109
4 32 0
4 33 0
3 22 ->
4 23 58
4 24 4
4 25 0
4 26 [2]
$1,-1
4 27 [2][4]
$4000000000000001,3FEB0A3D70A3D703,3FEB851EB851EB7E,3FC810624DD2F1AC
$4000000000000001,3CA,3F8EB851EB851F,3FC810624DD2F1AC
4 28 74
4 29 56
4 30 124
4 31 116
4 32 0
4 33 0
3 22 ->
4 23 57
4 24 4
4 25 0
4 26 [2]
$1,-1
4 27 [2][4]
$4000000000000001,3FEB0A3D70A3D703,3FEB851EB851EB7E,3FC810624DD2F1AC
$4000000000000001,3CA,3F8EB851EB851F,3FC810624DD2F1AC
4 28 73
4 29 55
4 30 123
4 31 115
4 32 0
4 33 0
3 22 ->
4 23 106
4 24 4
4 25 0
4 26 [2]
$1,-1
4 27 [8][4]
$401921FB54442D18,0,3CC4,3F8EB851EB851E7
$40182F4C2CB82C2C,8,3F3B7A74C7EDE,3F8781E76B9F1CA
$401736F7DE9FFBC,8,3F5BB74D396BC,3F808C31050F82B
$40163EA39087CB51,8,3F6EA95995882E,3F74D59DAC642F2
$4015464F426F9AE7,8,3F7A6E53F7D88E,3F65E664CD527C4
$40144DFAF4576A7C,8,3F83CA3DC0A288,3F5014DAB6F1498
$401355A6A63F3A12,8,3F8B011206934C8,3F1CDF0818722
$4012D97C7F3321DA,8,3F8EB851EB851F4,3C98
4 28 60
4 29 56
4 30 126
4 31 108
4 32 0
4 33 0
3 22 ->
4 23 105
4 24 4
4 25 0
4 26 [2]
$1,-1
4 27 [8][4]
$401921FB54442D18,0,3CC4,3F8EB851EB851E7
$40182F4C2CB82C2C,8,3F3B7A74C7EDE,3F8781E76B9F1CA
$401736F7DE9FFBC,8,3F5BB74D396BC,3F808C31050F82B
$40163EA39087CB51,8,3F6EA95995882E,3F74D59DAC642F2
$4015464F426F9AE7,8,3F7A6E53F7D88E,3F65E664CD527C4
$40144DFAF4576A7C,8,3F83CA3DC0A288,3F5014DAB6F1498
$401355A6A63F3A12,8,3F8B011206934C8,3F1CDF0818722
$4012D97C7F3321DA,8,3F8EB851EB851F4,3C98
4 28 59
4 29 55
4 30 125
4 31 107
4 32 0
4 33 0
3 22 ->
4 23 128
4 24 4
4 25 0
4 26 [2]
$1,-1
4 27 [2][4]
$0,3CA,3F8EB851EB851F,0
$0,3FEB0A3D70A3D701,3FEB851EB851EB7C,0
4 28 82
4 29 56
4 30 130
4 31 106
4 32 0
4 33 0
3 22 ->
4 23 127
4 24 4
4 25 0
4 26 [2]
$1,-1
4 27 [2][4]
$0,3CA,3F8EB851EB851F,0
$0,3FEB0A3D70A3D701,3FEB851EB851EB7C,0
4 28 81
4 29 55
4 30 129
4 31 105
4 32 0
4 33 0
3 22 ->
4 23 120
4 24 4
4 25 0
4 26 [2]
$1,-1
4 27 [8][4]
$4012D97C7F3321C1,0,3FEB851EB851EB7C,3CC
$4011E6CD57A720DD,0,3FEBA1F862518382,3F3B7A74C7EDD8
$4010EE79098EF071,0,3FEBBDCF3BEBC1E9,3F5BB74D396BBE8
$400FEC4976ED800A,0,3FEBD654C4A73795,3F6EA95995882CC
$400DFBA0DABD1F31,0,3FEBEA199B32AD76,3F7A6E53F7D88D6
$400C0AF83E8CBE5A,0,3FEBF7F592A4874D,3F83CA3DC0A2879
$400A1A4FA25C5D83,0,3FEBFF1907BF3C6,3F8B011206934C
$400921FB54442D18,0,3FEBFFFFFFFFFFF1,3F8EB851EB851EA
4 28 68
4 29 56
4 30 112
4 31 128
4 32 0
4 33 0
3 22 ->
4 23 119
4 24 4
4 25 0
4 26 [2]
$1,-1
4 27 [8][4]
$4012D97C7F3321C1,0,3FEB851EB851EB7C,3CC
$4011E6CD57A720DD,0,3FEBA1F862518382,3F3B7A74C7EDD8
$4010EE79098EF071,0,3FEBBDCF3BEBC1E9,3F5BB74D396BBE8
$400FEC4976ED800A,0,3FEBD654C4A73795,3F6EA95995882CC
$400DFBA0DABD1F31,0,3FEBEA199B32AD76,3F7A6E53F7D88D6
$400C0AF83E8CBE5A,0,3FEBF7F592A4874D,3F83CA3DC0A2879
$400A1A4FA25C5D83,0,3FEBFF1907BF3C6,3F8B011206934C
$400921FB54442D18,0,3FEBFFFFFFFFFFF1,3F8EB851EB851EA
4 28 67
4 29 55
4 30 111
4 31 127
4 32 0
4 33 0
3 22 ->
4 23 62
4 24 4
4 25 0
4 26 [2]
$1,-1
4 27 [8][4]
$3FEBFFFFFFFFFFF9,3F8EB851EB851E7,401921FB54442D18,4000000000000001
$3FEBFC90B1670242,3F8781E76B9F1CA,40182F4C2CB82C2C,4000000000000001
$3FEBF22459634A1E,3F808C31050F82B,401736F7DE9FFBC,4000000000000001
$3FEBE156A66A77D,3F74D59DAC642F2,40163EA39087CB51,4000000000000001
$3FEBCB2358104EE2,3F65E664CD527C4,4015464F426F9AE7,4000000000000001
$3FEBB0D708FD75DE,3F5014DAB6F1498,40144DFAF4576A7C,4000000000000001
$3FEB93FBB7E5B2CC,3F1CDF0818722,401355A6A63F3A12,4000000000000001
$3FEB851EB851EB81,3C98,4012D97C7F3321DA,4000000000000001
4 28 64
4 29 60
4 30 84
4 31 104
4 32 0
4 33 0
3 22 ->
4 23 61
4 24 4
4 25 0
4 26 [2]
$1,-1
4 27 [8][4]
$3FEBFFFFFFFFFFF9,3F8EB851EB851E7,401921FB54442D18,4000000000000001
$3FEBFC90B1670242,3F8781E76B9F1CA,40182F4C2CB82C2C,4000000000000001
$3FEBF22459634A1E,3F808C31050F82B,401736F7DE9FFBC,4000000000000001
$3FEBE156A66A77D,3F74D59DAC642F2,40163EA39087CB51,4000000000000001
$3FEBCB2358104EE2,3F65E664CD527C4,4015464F426F9AE7,4000000000000001
$3FEBB0D708FD75DE,3F5014DAB6F1498,40144DFAF4576A7C,4000000000000001
$3FEB93FBB7E5B2CC,3F1CDF0818722,401355A6A63F3A12,4000000000000001
$3FEB851EB851EB81,3C98,4012D97C7F3321DA,4000000000000001
4 28 63
4 29 59
4 30 83
4 31 103
4 32 0
4 33 0
3 22 ->
4 23 126
4 24 4
4 25 0
4 26 [2]
$1,-1
4 27 [2][4]
$4000000000000001,0,4012D97C7F3321EB,4000000000000001
$0,0,4012D97C7F3321EB,8
4 28 82
4 29 60
4 30 128
4 31 62
4 32 0
4 33 0
3 22 ->
4 23 125
4 24 4
4 25 0
4 26 [2]
$1,-1
4 27 [2][4]
$4000000000000001,0,4012D97C7F3321EB,4000000000000001
$0,0,4012D97C7F3321EB,8
4 28 81
4 29 59
4 30 127
4 31 61
4 32 0
4 33 0
3 22 ->
4 23 66
4 24 4
4 25 0
4 26 [2]
$1,-1
4 27 [8][4]
$400921FB54442D18,4000000000000001,3CDB88,3F8EB851EB851EA
$400B0759A35C2EDF,4000000000000001,3F3B7A74C7EE238,3F8781E76B9F1D3
$400CF8023F8C8FB6,4000000000000001,3F5BB74D396BD01,3F808C31050F836
$400EE8AADBBCF08F,4000000000000001,3F6EA95995883528,3F74D59DAC6430A
$40106CA9BBF6A8B2,4000000000000001,3F7A6E53F7D8916,3F65E664CD527FC
$401164FE0A0ED91F,4000000000000001,3F83CA3DC0A28986,3F5014DAB6F15
$40125D525827098B,4000000000000001,3F8B011206934DF,3F1CDF08187288
$4012D97C7F3321C1,4000000000000001,3F8EB851EB852091,3CC
4 28 68
4 29 64
4 30 130
4 31 46
4 32 0
4 33 0
3 22 ->
4 23 65
4 24 4
4 25 0
4 26 [2]
$1,-1
4 27 [8][4]
$400921FB54442D18,4000000000000001,3CDB88,3F8EB851EB851EA
$400B0759A35C2EDF,4000000000000001,3F3B7A74C7EE238,3F8781E76B9F1D3
$400CF8023F8C8FB6,4000000000000001,3F5BB74D396BD01,3F808C31050F836
$400EE8AADBBCF08F,4000000000000001,3F6EA95995883528,3F74D59DAC6430A
$40106CA9BBF6A8B2,4000000000000001,3F7A6E53F7D8916,3F65E664CD527FC
$401164FE0A0ED91F,4000000000000001,3F83CA3DC0A28986,3F5014DAB6F15
$40125D525827098B,4000000000000001,3F8B011206934DF,3F1CDF08187288
$4012D97C7F3321C1,4000000000000001,3F8EB851EB852091,3CC
4 28 67
4 29 63
4 30 129
4 31 45
4 32 0
4 33 0
3 22 ->
4 23 84
4 24 4
4 25 0
4 26 [2]
$1,-1
4 27 [2][4]
$4000000000000001,3FEB0A3D70A3D701,3F8EB851EB852093,0
$4000000000000001,3CA,3FEB851EB851EB82,0
4 28 82
4 29 64
4 30 126
4 31 66
4 32 0
4 33 0
3 22 ->
4 23 83
4 24 4
4 25 0
4 26 [2]
$1,-1
4 27 [2][4]
$4000000000000001,3FEB0A3D70A3D701,3F8EB851EB852093,0
$4000000000000001,3CA,3FEB851EB851EB82,0
4 28 81
4 29 63
4 30 125
4 31 65
4 32 0
4 33 0
3 22 ->
4 23 76
4 24 4
4 25 0
4 26 [2]
$1,-1
4 27 [2][4]
$0,3CA,3FEB851EB851EB82,3FC810624DD2F1AC
$0,3FEB0A3D70A3D703,3F8EB851EB852013,3FC810624DD2F1AC
4 28 74
4 29 64
4 30 122
4 31 54
4 32 0
4 33 0
3 22 ->
4 23 75
4 24 4
4 25 0
4 26 [2]
$1,-1
4 27 [2][4]
$0,3CA,3FEB851EB851EB82,3FC810624DD2F1AC
$0,3FEB0A3D70A3D703,3F8EB851EB852013,3FC810624DD2F1AC
4 28 73
4 29 63
4 30 121
4 31 53
4 32 0
4 33 0
3 22 ->
4 23 130
4 24 4
4 25 0
4 26 [2]
$1,-1
4 27 [2][4]
$0,3FEB0A3D70A3D703,4012D97C7F3321B,0
$4000000000000001,3FEB0A3D70A3D703,4012D97C7F3321B,4000000000000001
4 28 82
4 29 68
4 30 84
4 31 120
4 32 0
4 33 0
3 22 ->
4 23 129
4 24 4
4 25 0
4 26 [2]
$1,-1
4 27 [2][4]
$0,3FEB0A3D70A3D703,4012D97C7F3321B,0
$4000000000000001,3FEB0A3D70A3D703,4012D97C7F3321B,4000000000000001
4 28 81
4 29 67
4 30 83
4 31 119
4 32 0
4 33 0
3 22 ->
4 23 86
4 24 4
4 25 0
4 26 [2]
$1,-1
4 27 [39][4]
$3FFA0E5604189374,3FDB0A3D70A3D70B,400921FB54442D18,3C8
$3FFA0CCD7EAF00D6,3FDBAAD2E036FD88,4008859EBA7FDA6,3C8
$3FFA07AE46B9B3F,3FDC57FB69065569,4007DBF4626E8F49,3C8
$3FF9FEFE82EA7535,3FDD02D9E6EAF989,4007324A0A5D4432,3C8
$3FF9F2CD74214097,3FDDAA424F2F19E1,4006889FB24BF91B,3C8
$3FF9E33082DDB76A,3FDE4D0EAB0E0A82,4005DEF55A3AAE03,3C8
$3FF9D04319A78274,3FDEEA211BE5BC44,4005354B022962EC,3C8
$3FF9BA2674E9F573,3FDF8065D131977E,40048BA0AA1817D3,3C8
$3FF9A10168977D6A,3FE0076A766EA0FB,4003E1F65206CCBD,3C8
$3FF985001BFB54EA,3FE04A3A294E6D3C,4003384BF9F581A6,3C8
$3FF96653BC3137B1,3FE0882CAF8E8571,40028EA1A1E4368E,3C8
$3FF9453225CB3AAF,3FE0C0D54203DE65,4001E4F749D2EB78,3C8
$3FF921D5863D6A5A,3FE0F3D06304F936,40013B4CF1C1A05F,3C8
$3FF8FC7BF5B54394,3FE120C48D1DF88F,400091A299B05547,3C8
$3FF8D5670A106A63,3FE14762D0431865,3FFFCFF0833E146,3C8
$3FF8ACDB63B2156D,3FE167675C6D7F62,3FFE7C9BD31B7E32,3C8
$3FF88320350168F7,3FE18099F8AF0395,3FFD294722F8E803,3C8
$3FF8587EC5645C8E,3FE192CE65EBC9A7,3FFBD5F272D651D4,3C8
$3FF82D41F092B37A,3FE19DE4AC8C62CC,3FFA829DC2B3BBA7,3C8
$3FF801B5A322FBAE,3FE1A1C9549FFACC,3FF92F4912912577,3C8
$3FF7D62655386572,3FE19E75880C0494,3FF7DBF4626E8F47,3C8
$3FF7AAE0843B8F7A,3FE193EF1E8D5D8,3FF6889FB24BF91C,3C8
$3FF780302C8A1176,3FE182489375D311,3FF5354B022962EC,3C8
$3FF7566044089F47,3FE169A0E5380F13,3FF3E1F65206CCBC,3C8
$3FF72DBA3682113B,3FE14A235EFAE6F8,3FF28EA1A1E4368E,3C8
$3FF7068564BA7452,3FE124074C939FDC,3FF13B4CF1C1A061,3C8
$3FF6E106A7188666,3FE0F78F996CA581,3FEFCFF0833E145F,3C8
$3FF6BD7FD4C1B54B,3FE0C50A5B03350C,3FED294722F8E803,3C8
$3FF69C2F4FFCE8D7,3FE08CD047CA534E,3FEA829DC2B3BBA1,3C8
$3FF67D4F98A71BC6,3FE04F441B63D326,3FE7DBF4626E8F49,3C8
$3FF66116E57A1EF,3FE00CD1E940F672,3FE5354B022962EA,3C8
$3FF647B6C4D9E836,3FDF8BDCBDB63349,3FE28EA1A1E4369,3C8
$3FF6315BC5CF974D,3FDEF62BEDA35235,3FDFCFF0833E145F,3C8
$3FF61E2D29CAFE64,3FDE59983CAA4A3F,3FDA829DC2B3BBA5,3C8
$3FF60E4C9FB41382,3FDDB7349CBE0F63,3FD5354B022962EE,3C8
$3FF601D608C5559F,3FDD101E34979654,3FCFCFF0833E1464,3C8
$3FF5F8DF4797019E,3FDC657A6AFDEB05,3FC5354B022962F3,3C8
$3FF5F37819B10E94,3FDBB874E391900B,3FB5354B022962E,3C8
$3FF5F1A9FBE76C87,3FDB0A3D70A3D70B,0,3C8
4 28 82
4 29 70
4 30 38
4 31 72
4 32 0
4 33 0
3 22 ->
4 23 85
4 24 4
4 25 0
4 26 [2]
$1,-1
4 27 [39][4]
$3FFA0E5604189374,3FDB0A3D70A3D70B,400921FB54442D18,3C8
$3FFA0CCD7EAF00D6,3FDBAAD2E036FD88,4008859EBA7FDA6,3C8
$3FFA07AE46B9B3F,3FDC57FB69065569,4007DBF4626E8F49,3C8
$3FF9FEFE82EA7535,3FDD02D9E6EAF989,4007324A0A5D4432,3C8
$3FF9F2CD74214097,3FDDAA424F2F19E1,4006889FB24BF91B,3C8
$3FF9E33082DDB76A,3FDE4D0EAB0E0A82,4005DEF55A3AAE03,3C8
$3FF9D04319A78274,3FDEEA211BE5BC44,4005354B022962EC,3C8
$3FF9BA2674E9F573,3FDF8065D131977E,40048BA0AA1817D3,3C8
$3FF9A10168977D6A,3FE0076A766EA0FB,4003E1F65206CCBD,3C8
$3FF985001BFB54EA,3FE04A3A294E6D3C,4003384BF9F581A6,3C8
$3FF96653BC3137B1,3FE0882CAF8E8571,40028EA1A1E4368E,3C8
$3FF9453225CB3AAF,3FE0C0D54203DE65,4001E4F749D2EB78,3C8
$3FF921D5863D6A5A,3FE0F3D06304F936,40013B4CF1C1A05F,3C8
$3FF8FC7BF5B54394,3FE120C48D1DF88F,400091A299B05547,3C8
$3FF8D5670A106A63,3FE14762D0431865,3FFFCFF0833E146,3C8
$3FF8ACDB63B2156D,3FE167675C6D7F62,3FFE7C9BD31B7E32,3C8
$3FF88320350168F7,3FE18099F8AF0395,3FFD294722F8E803,3C8
$3FF8587EC5645C8E,3FE192CE65EBC9A7,3FFBD5F272D651D4,3C8
$3FF82D41F092B37A,3FE19DE4AC8C62CC,3FFA829DC2B3BBA7,3C8
$3FF801B5A322FBAE,3FE1A1C9549FFACC,3FF92F4912912577,3C8
$3FF7D62655386572,3FE19E75880C0494,3FF7DBF4626E8F47,3C8
$3FF7AAE0843B8F7A,3FE193EF1E8D5D8,3FF6889FB24BF91C,3C8
$3FF780302C8A1176,3FE182489375D311,3FF5354B022962EC,3C8
$3FF7566044089F47,3FE169A0E5380F13,3FF3E1F65206CCBC,3C8
$3FF72DBA3682113B,3FE14A235EFAE6F8,3FF28EA1A1E4368E,3C8
$3FF7068564BA7452,3FE124074C939FDC,3FF13B4CF1C1A061,3C8
$3FF6E106A7188666,3FE0F78F996CA581,3FEFCFF0833E145F,3C8
$3FF6BD7FD4C1B54B,3FE0C50A5B03350C,3FED294722F8E803,3C8
$3FF69C2F4FFCE8D7,3FE08CD047CA534E,3FEA829DC2B3BBA1,3C8
$3FF67D4F98A71BC6,3FE04F441B63D326,3FE7DBF4626E8F49,3C8
$3FF66116E57A1EF,3FE00CD1E940F672,3FE5354B022962EA,3C8
$3FF647B6C4D9E836,3FDF8BDCBDB63349,3FE28EA1A1E4369,3C8
$3FF6315BC5CF974D,3FDEF62BEDA35235,3FDFCFF0833E145F,3C8
$3FF61E2D29CAFE64,3FDE59983CAA4A3F,3FDA829DC2B3BBA5,3C8
$3FF60E4C9FB41382,3FDDB7349CBE0F63,3FD5354B022962EE,3C8
$3FF601D608C5559F,3FDD101E34979654,3FCFCFF0833E1464,3C8
$3FF5F8DF4797019E,3FDC657A6AFDEB05,3FC5354B022962F3,3C8
$3FF5F37819B10E94,3FDBB874E391900B,3FB5354B022962E,3C8
$3FF5F1A9FBE76C87,3FDB0A3D70A3D70B,0,3C8
4 28 81
4 29 69
4 30 37
4 31 71
4 32 0
4 33 0
3 22 ->
4 23 100
4 24 4
4 25 0
4 26 [2]
$1,-1
4 27 [39][4]
$3FE41CAC083126F6,3FDB0A3D70A3D70B,0,3FC810624DD2F1AC
$3FE4199AFD5E01BA,3FDBAAD2E036FD88,3FB38B93388A5702,3FC810624DD2F1AC
$3FE40F5C8D7367EE,3FDC57FB6906556A,3FC4606F1D59DD02,3FC810624DD2F1AC
$3FE3FDFD05D4EA78,3FDD02D9E6EAF98A,3FCEFB149E6E8E74,3FC810624DD2F1AC
$3FE3E59AE842813C,3FDDAA424F2F19E2,3FD4CADD0FC19FF4,3FC810624DD2F1AC
$3FE3C66105BB6EE2,3FDE4D0EAB0E0A83,3FDA182FD04BF8B2,3FC810624DD2F1AC
$3FE3A086334F04F6,3FDEEA211BE5BC45,3FDF658290D65161,3FC810624DD2F1AC
$3FE3744CE9D3EAF5,3FDF8065D131977E,3FE2596AA8B0551,3FC810624DD2F1AC
$3FE34202D12EFAE3,3FE0076A766EA0FC,3FE5001408F5816F,3FC810624DD2F1AC
$3FE30A0037F6A9E3,3FE04A3A294E6D3D,3FE7A6BD693AADCB,3FC810624DD2F1AC
$3FE2CCA778626F7,3FE0882CAF8E8571,3FEA4D66C97FDA28,3FC810624DD2F1AC
$3FE28A644B96756C,3FE0C0D54203DE66,3FECF41029C50683,3FC810624DD2F1AC
$3FE243AB0C7AD4C1,3FE0F3D06304F936,3FEF9AB98A0A32E4,3FC810624DD2F1AC
$3FE1F8F7EB6A8736,3FE120C48D1DF88F,3FF120B17527AFA2,3FC810624DD2F1AC
$3FE1AACE1420D4D3,3FE14762D0431866,3FF27406254A45D3,3FC810624DD2F1AC
$3FE159B6C7642AE7,3FE167675C6D7F62,3FF3C75AD56CDC01,3FC810624DD2F1AC
$3FE106406A02D1FD,3FE18099F8AF0395,3FF51AAF858F722C,3FC810624DD2F1AC
$3FE0B0FD8AC8B929,3FE192CE65EBC9A8,3FF66E0435B2085C,3FC810624DD2F1AC
$3FE05A83E1256701,3FE19DE4AC8C62CC,3FF7C158E5D49E8A,3FC810624DD2F1AC
$3FE0036B4645F76A,3FE1A1C9549FFACC,3FF914AD95F734BA,3FC810624DD2F1AC
$3FDF589954E195E2,3FE19E75880C0494,3FFA68024619CAE9,3FC810624DD2F1AC
$3FDEAB8210EE3E03,3FE193EF1E8D5D8,3FFBBB56F63C6117,3FC810624DD2F1AC
$3FDE00C0B22845F3,3FE182489375D311,3FFD0EABA65EF747,3FC810624DD2F1AC
$3FDD598110227D38,3FE169A0E5380F13,3FFE620056818D75,3FC810624DD2F1AC
$3FDCB6E8DA084508,3FE14A235EFAE6F8,3FFFB55506A423A2,3FC810624DD2F1AC
$3FDC1A1592E9D165,3FE124074C939FDC,40008454DB635CE9,3FC810624DD2F1AC
$3FDB841A9C6219B5,3FE0F78F996CA581,40012DFF3374A8,3FC810624DD2F1AC
$3FDAF5FF5306D548,3FE0C50A5B03350C,4001D7A98B85F318,3FC810624DD2F1AC
$3FDA70BD3FF3A379,3FE08CD047CA534E,40028153E3973E2F,3FC810624DD2F1AC
$3FD9F53E629C6F31,3FE04F441B63D326,40032AFE3BA88946,3FC810624DD2F1AC
$3FD9845B95E87BDE,3FE00CD1E940F672,4003D4A893B9D45E,3FC810624DD2F1AC
$3FD91EDB1367A0F5,3FDF8BDCBDB63349,40047E52EBCB1F74,3FC810624DD2F1AC
$3FD8C56F173E5D51,3FDEF62BEDA35235,400527FD43DC6A8C,3FC810624DD2F1AC
$3FD878B4A72BF9AA,3FDE59983CAA4A3F,4005D1A79BEDB5A4,3FC810624DD2F1AC
$3FD839327ED04E26,3FDDB7349CBE0F62,40067B51F3FF00BB,3FC810624DD2F1AC
$3FD8075823155698,3FDD101E34979653,400724FC4C104BD3,3FC810624DD2F1AC
$3FD7E37D1E5C0696,3FDC657A6AFDEB04,4007CEA6A42196EA,3FC810624DD2F1AC
$3FD7CDE066C43A6D,3FDBB874E391900B,40087850FC32E201,3FC810624DD2F1AC
$3FD7C6A7EF9DB238,3FDB0A3D70A3D70B,400921FB54442D18,3FC810624DD2F1AC
4 28 74
4 29 70
4 30 80
4 31 98
4 32 0
4 33 0
3 22 ->
4 23 99
4 24 4
4 25 0
4 26 [2]
$1,-1
4 27 [39][4]
$3FE41CAC083126F6,3FDB0A3D70A3D70B,0,3FC810624DD2F1AC
$3FE4199AFD5E01BA,3FDBAAD2E036FD88,3FB38B93388A5702,3FC810624DD2F1AC
$3FE40F5C8D7367EE,3FDC57FB6906556A,3FC4606F1D59DD02,3FC810624DD2F1AC
$3FE3FDFD05D4EA78,3FDD02D9E6EAF98A,3FCEFB149E6E8E74,3FC810624DD2F1AC
$3FE3E59AE842813C,3FDDAA424F2F19E2,3FD4CADD0FC19FF4,3FC810624DD2F1AC
$3FE3C66105BB6EE2,3FDE4D0EAB0E0A83,3FDA182FD04BF8B2,3FC810624DD2F1AC
$3FE3A086334F04F6,3FDEEA211BE5BC45,3FDF658290D65161,3FC810624DD2F1AC
$3FE3744CE9D3EAF5,3FDF8065D131977E,3FE2596AA8B0551,3FC810624DD2F1AC
$3FE34202D12EFAE3,3FE0076A766EA0FC,3FE5001408F5816F,3FC810624DD2F1AC
$3FE30A0037F6A9E3,3FE04A3A294E6D3D,3FE7A6BD693AADCB,3FC810624DD2F1AC
$3FE2CCA778626F7,3FE0882CAF8E8571,3FEA4D66C97FDA28,3FC810624DD2F1AC
$3FE28A644B96756C,3FE0C0D54203DE66,3FECF41029C50683,3FC810624DD2F1AC
$3FE243AB0C7AD4C1,3FE0F3D06304F936,3FEF9AB98A0A32E4,3FC810624DD2F1AC
$3FE1F8F7EB6A8736,3FE120C48D1DF88F,3FF120B17527AFA2,3FC810624DD2F1AC
$3FE1AACE1420D4D3,3FE14762D0431866,3FF27406254A45D3,3FC810624DD2F1AC
$3FE159B6C7642AE7,3FE167675C6D7F62,3FF3C75AD56CDC01,3FC810624DD2F1AC
$3FE106406A02D1FD,3FE18099F8AF0395,3FF51AAF858F722C,3FC810624DD2F1AC
$3FE0B0FD8AC8B929,3FE192CE65EBC9A8,3FF66E0435B2085C,3FC810624DD2F1AC
$3FE05A83E1256701,3FE19DE4AC8C62CC,3FF7C158E5D49E8A,3FC810624DD2F1AC
$3FE0036B4645F76A,3FE1A1C9549FFACC,3FF914AD95F734BA,3FC810624DD2F1AC
$3FDF589954E195E2,3FE19E75880C0494,3FFA68024619CAE9,3FC810624DD2F1AC
$3FDEAB8210EE3E03,3FE193EF1E8D5D8,3FFBBB56F63C6117,3FC810624DD2F1AC
$3FDE00C0B22845F3,3FE182489375D311,3FFD0EABA65EF747,3FC810624DD2F1AC
$3FDD598110227D38,3FE169A0E5380F13,3FFE620056818D75,3FC810624DD2F1AC
$3FDCB6E8DA084508,3FE14A235EFAE6F8,3FFFB55506A423A2,3FC810624DD2F1AC
$3FDC1A1592E9D165,3FE124074C939FDC,40008454DB635CE9,3FC810624DD2F1AC
$3FDB841A9C6219B5,3FE0F78F996CA581,40012DFF3374A8,3FC810624DD2F1AC
$3FDAF5FF5306D548,3FE0C50A5B03350C,4001D7A98B85F318,3FC810624DD2F1AC
$3FDA70BD3FF3A379,3FE08CD047CA534E,40028153E3973E2F,3FC810624DD2F1AC
$3FD9F53E629C6F31,3FE04F441B63D326,40032AFE3BA88946,3FC810624DD2F1AC
$3FD9845B95E87BDE,3FE00CD1E940F672,4003D4A893B9D45E,3FC810624DD2F1AC
$3FD91EDB1367A0F5,3FDF8BDCBDB63349,40047E52EBCB1F74,3FC810624DD2F1AC
$3FD8C56F173E5D51,3FDEF62BEDA35235,400527FD43DC6A8C,3FC810624DD2F1AC
$3FD878B4A72BF9AA,3FDE59983CAA4A3F,4005D1A79BEDB5A4,3FC810624DD2F1AC
$3FD839327ED04E26,3FDDB7349CBE0F62,40067B51F3FF00BB,3FC810624DD2F1AC
$3FD8075823155698,3FDD101E34979653,400724FC4C104BD3,3FC810624DD2F1AC
$3FD7E37D1E5C0696,3FDC657A6AFDEB04,4007CEA6A42196EA,3FC810624DD2F1AC
$3FD7CDE066C43A6D,3FDBB874E391900B,40087850FC32E201,3FC810624DD2F1AC
$3FD7C6A7EF9DB238,3FDB0A3D70A3D70B,400921FB54442D18,3FC810624DD2F1AC
4 28 73
4 29 69
4 30 79
4 31 97
4 32 0
4 33 0
3 22 ->
4 23 78
4 24 4
4 25 0
4 26 [2]
$1,-1
4 27 [39][4]
$400921FB54442D18,3FC810624DD2F1AC,3FF5F1A9FBE76C8C,3FDB0A3D70A3D70B
$4008859EBA7FDA61,3FC810624DD2F1AC,3FF5F3328150FF2A,3FDBAAD2E036FD87
$4007DBF4626E8F49,3FC810624DD2F1AC,3FF5F851B9464C1,3FDC57FB69065568
$4007324A0A5D4432,3FC810624DD2F1AC,3FF601017D158ACB,3FDD02D9E6EAF988
$4006889FB24BF91C,3FC810624DD2F1AC,3FF60D328BDEBF69,3FDDAA424F2F19DF
$4005DEF55A3AAE03,3FC810624DD2F1AC,3FF61CCF7D224896,3FDE4D0EAB0E0A7F
$4005354B022962EC,3FC810624DD2F1AC,3FF62FBCE6587D8C,3FDEEA211BE5BC41
$40048BA0AA1817D4,3FC810624DD2F1AC,3FF645D98B160A8D,3FDF8065D131977A
$4003E1F65206CCBB,3FC810624DD2F1AC,3FF65EFE97688296,3FE0076A766EA0F9
$4003384BF9F581A7,3FC810624DD2F1AC,3FF67AFFE404AB15,3FE04A3A294E6D3A
$40028EA1A1E4368D,3FC810624DD2F1AC,3FF699AC43CEC84F,3FE0882CAF8E856E
$4001E4F749D2EB75,3FC810624DD2F1AC,3FF6BACDDA34C551,3FE0C0D54203DE62
$40013B4CF1C1A05F,3FC810624DD2F1AC,3FF6DE2A79C295A6,3FE0F3D06304F933
$400091A299B05549,3FC810624DD2F1AC,3FF703840A4ABC6B,3FE120C48D1DF88C
$3FFFCFF0833E1464,3FC810624DD2F1AC,3FF72A98F5EF959C,3FE14762D0431862
$3FFE7C9BD31B7E35,3FC810624DD2F1AC,3FF753249C4DEA92,3FE167675C6D7F5F
$3FFD294722F8E8,3FC810624DD2F1AC,3FF77CDFCAFE9708,3FE18099F8AF0392
$3FFBD5F272D651D6,3FC810624DD2F1AC,3FF7A7813A9BA371,3FE192CE65EBC9A4
$3FFA829DC2B3BBA8,3FC810624DD2F1AC,3FF7D2BE0F6D4C85,3FE19DE4AC8C62C8
$3FF92F491291257B,3FC810624DD2F1AC,3FF7FE4A5CDD045,3FE1A1C9549FFAC9
$3FF7DBF4626E8F46,3FC810624DD2F1AC,3FF829D9AAC79A8D,3FE19E75880C0491
$3FF6889FB24BF91E,3FC810624DD2F1AC,3FF8551F7BC47084,3FE193EF1E8D5D7C
$3FF5354B022962ED,3FC810624DD2F1AC,3FF87FCFD375EE88,3FE182489375D30E
$3FF3E1F65206CCBC,3FC810624DD2F1AC,3FF8A99FBBF760B7,3FE169A0E5380F1
$3FF28EA1A1E4368C,3FC810624DD2F1AC,3FF8D245C97DEEC3,3FE14A235EFAE6F6
$3FF13B4CF1C1A064,3FC810624DD2F1AC,3FF8F97A9B458BAB,3FE124074C939FDA
$3FEFCFF0833E1466,3FC810624DD2F1AC,3FF91EF958E77997,3FE0F78F996CA57E
$3FED294722F8E80C,3FC810624DD2F1AC,3FF942802B3E4AB2,3FE0C50A5B033509
$3FEA829DC2B3BBA5,3FC810624DD2F1AC,3FF963D0B0031726,3FE08CD047CA534B
$3FE7DBF4626E8F46,3FC810624DD2F1AC,3FF982B06758E438,3FE04F441B63D324
$3FE5354B022962F4,3FC810624DD2F1AC,3FF99EE91A85E10C,3FE00CD1E940F67
$3FE28EA1A1E43688,3FC810624DD2F1AC,3FF9B8493B2617C7,3FDF8BDCBDB63345
$3FDFCFF0833E1461,3FC810624DD2F1AC,3FF9CEA43A3068B,3FDEF62BEDA35232
$3FDA829DC2B3BBB,3FC810624DD2F1AC,3FF9E1D2D6350199,3FDE59983CAA4A3C
$3FD5354B022962EC,3FC810624DD2F1AC,3FF9F1B3604BEC7A,3FDDB7349CBE0F6
$3FCFCFF0833E145D,3FC810624DD2F1AC,3FF9FE29F73AAA5E,3FDD101E34979652
$3FC5354B022962E8,3FC810624DD2F1AC,3FFA0720B868FE5E,3FDC657A6AFDEB03
$3FB5354B022962FA,3FC810624DD2F1AC,3FFA0C87E64EF168,3FDBB874E391900B
$0,3FC810624DD2F1AC,3FFA0E5604189376,3FDB0A3D70A3D70B
4 28 88
4 29 74
4 30 92
4 31 96
4 32 0
4 33 0
3 22 ->
4 23 77
4 24 4
4 25 0
4 26 [2]
$1,-1
4 27 [39][4]
$400921FB54442D18,3FC810624DD2F1AC,3FF5F1A9FBE76C8C,3FDB0A3D70A3D70B
$4008859EBA7FDA61,3FC810624DD2F1AC,3FF5F3328150FF2A,3FDBAAD2E036FD87
$4007DBF4626E8F49,3FC810624DD2F1AC,3FF5F851B9464C1,3FDC57FB69065568
$4007324A0A5D4432,3FC810624DD2F1AC,3FF601017D158ACB,3FDD02D9E6EAF988
$4006889FB24BF91C,3FC810624DD2F1AC,3FF60D328BDEBF69,3FDDAA424F2F19DF
$4005DEF55A3AAE03,3FC810624DD2F1AC,3FF61CCF7D224896,3FDE4D0EAB0E0A7F
$4005354B022962EC,3FC810624DD2F1AC,3FF62FBCE6587D8C,3FDEEA211BE5BC41
$40048BA0AA1817D4,3FC810624DD2F1AC,3FF645D98B160A8D,3FDF8065D131977A
$4003E1F65206CCBB,3FC810624DD2F1AC,3FF65EFE97688296,3FE0076A766EA0F9
$4003384BF9F581A7,3FC810624DD2F1AC,3FF67AFFE404AB15,3FE04A3A294E6D3A
$40028EA1A1E4368D,3FC810624DD2F1AC,3FF699AC43CEC84F,3FE0882CAF8E856E
$4001E4F749D2EB75,3FC810624DD2F1AC,3FF6BACDDA34C551,3FE0C0D54203DE62
$40013B4CF1C1A05F,3FC810624DD2F1AC,3FF6DE2A79C295A6,3FE0F3D06304F933
$400091A299B05549,3FC810624DD2F1AC,3FF703840A4ABC6B,3FE120C48D1DF88C
$3FFFCFF0833E1464,3FC810624DD2F1AC,3FF72A98F5EF959C,3FE14762D0431862
$3FFE7C9BD31B7E35,3FC810624DD2F1AC,3FF753249C4DEA92,3FE167675C6D7F5F
$3FFD294722F8E8,3FC810624DD2F1AC,3FF77CDFCAFE9708,3FE18099F8AF0392
$3FFBD5F272D651D6,3FC810624DD2F1AC,3FF7A7813A9BA371,3FE192CE65EBC9A4
$3FFA829DC2B3BBA8,3FC810624DD2F1AC,3FF7D2BE0F6D4C85,3FE19DE4AC8C62C8
$3FF92F491291257B,3FC810624DD2F1AC,3FF7FE4A5CDD045,3FE1A1C9549FFAC9
$3FF7DBF4626E8F46,3FC810624DD2F1AC,3FF829D9AAC79A8D,3FE19E75880C0491
$3FF6889FB24BF91E,3FC810624DD2F1AC,3FF8551F7BC47084,3FE193EF1E8D5D7C
$3FF5354B022962ED,3FC810624DD2F1AC,3FF87FCFD375EE88,3FE182489375D30E
$3FF3E1F65206CCBC,3FC810624DD2F1AC,3FF8A99FBBF760B7,3FE169A0E5380F1
$3FF28EA1A1E4368C,3FC810624DD2F1AC,3FF8D245C97DEEC3,3FE14A235EFAE6F6
$3FF13B4CF1C1A064,3FC810624DD2F1AC,3FF8F97A9B458BAB,3FE124074C939FDA
$3FEFCFF0833E1466,3FC810624DD2F1AC,3FF91EF958E77997,3FE0F78F996CA57E
$3FED294722F8E80C,3FC810624DD2F1AC,3FF942802B3E4AB2,3FE0C50A5B033509
$3FEA829DC2B3BBA5,3FC810624DD2F1AC,3FF963D0B0031726,3FE08CD047CA534B
$3FE7DBF4626E8F46,3FC810624DD2F1AC,3FF982B06758E438,3FE04F441B63D324
$3FE5354B022962F4,3FC810624DD2F1AC,3FF99EE91A85E10C,3FE00CD1E940F67
$3FE28EA1A1E43688,3FC810624DD2F1AC,3FF9B8493B2617C7,3FDF8BDCBDB63345
$3FDFCFF0833E1461,3FC810624DD2F1AC,3FF9CEA43A3068B,3FDEF62BEDA35232
$3FDA829DC2B3BBB,3FC810624DD2F1AC,3FF9E1D2D6350199,3FDE59983CAA4A3C
$3FD5354B022962EC,3FC810624DD2F1AC,3FF9F1B3604BEC7A,3FDDB7349CBE0F6
$3FCFCFF0833E145D,3FC810624DD2F1AC,3FF9FE29F73AAA5E,3FDD101E34979652
$3FC5354B022962E8,3FC810624DD2F1AC,3FFA0720B868FE5E,3FDC657A6AFDEB03
$3FB5354B022962FA,3FC810624DD2F1AC,3FFA0C87E64EF168,3FDBB874E391900B
$0,3FC810624DD2F1AC,3FFA0E5604189376,3FDB0A3D70A3D70B
4 28 87
4 29 73
4 30 91
4 31 95
4 32 0
4 33 0
3 22 ->
4 23 94
4 24 4
4 25 0
4 26 [2]
$1,-1
4 27 [39][4]
$0,0,3FD7C6A7EF9DB23,3FDB0A3D70A3D70B
$3FB38B93388A5711,0,3FD7CCCA0543FCA8,3FDBAAD2E036FD88
$3FC4606F1D59DD01,0,3FD7E146E519304,3FDC57FB69065569
$3FCEFB149E6E8E6C,0,3FD80405F4562B2C,3FDD02D9E6EAF988
$3FD4CADD0FC19FF7,0,3FD834CA2F7AFDA4,3FDDAA424F2F19E
$3FDA182FD04BF8AF,0,3FD8733DF4892258,3FDE4D0EAB0E0A8
$3FDF658290D6516A,0,3FD8BEF39961F63,3FDEEA211BE5BC42
$3FE2596AA8B05513,0,3FD917662C582A34,3FDF8065D131977A
$3FE5001408F58174,0,3FD97BFA5DA20A58,3FE0076A766EA0F9
$3FE7A6BD693AADC7,0,3FD9EBFF9012AC54,3FE04A3A294E6D3A
$3FEA4D66C97FDA2C,0,3FDA66B10F3B213C,3FE0882CAF8E856E
$3FECF41029C5068B,0,3FDAEB3768D31544,3FE0C0D54203DE62
$3FEF9AB98A0A32E5,0,3FDB78A9E70A5698,3FE0F3D06304F933
$3FF120B17527AF9F,0,3FDC0E10292AF1AC,3FE120C48D1DF88C
$3FF27406254A45CD,0,3FDCAA63D7BE567,3FE14762D0431862
$3FF3C75AD56CDBFC,0,3FDD4C927137AA48,3FE167675C6D7F6
$3FF51AAF858F7231,0,3FDDF37F2BFA5C2,3FE18099F8AF0392
$3FF66E0435B2085A,0,3FDE9E04EA6E8DC4,3FE192CE65EBC9A4
$3FF7C158E5D49E89,0,3FDF4AF83DB53214,3FE19DE4AC8C62C8
$3FF914AD95F734BD,0,3FDFF92973741144,3FE1A1C9549FFAC9
$3FFA68024619CAEA,0,3FE053B3558F351A,3FE19E75880C0491
$3FFBBB56F63C611B,0,3FE0AA3EF788E10A,3FE193EF1E8D5D7C
$3FFD0EABA65EF744,0,3FE0FF9FA6EBDD1,3FE182489375D30E
$3FFE620056818D75,0,3FE1533F77EEC16E,3FE169A0E5380F1
$3FFFB55506A423A5,0,3FE1A48B92FBDD86,3FE14A235EFAE6F6
$40008454DB635CEB,0,3FE1F2F5368B1758,3FE124074C939FD9
$40012DFF3374A7FF,0,3FE23DF2B1CEF32E,3FE0F78F996CA57E
$4001D7A98B85F315,0,3FE28500567C9564,3FE0C50A5B033509
$40028153E3973E2F,0,3FE2C7A160062E4C,3FE08CD047CA534B
$40032AFE3BA88947,0,3FE30560CEB1C87,3FE04F441B63D324
$4003D4A893B9D45C,0,3FE33DD2350BC218,3FE00CD1E940F67
$40047E52EBCB1F76,0,3FE37092764C2F8E,3FDF8BDCBDB63345
$400527FD43DC6A8D,0,3FE39D487460D16,3FDEF62BEDA35231
$4005D1A79BEDB5A2,0,3FE3C3A5AC6A0332,3FDE59983CAA4A3C
$40067B51F3FF00BB,0,3FE3E366C097D8F4,3FDDB7349CBE0F6
$400724FC4C104BD2,0,3FE3FC53EE7554BC,3FDD101E34979652
$4007CEA6A42196EA,0,3FE40E4170D1FCBC,3FDC657A6AFDEB03
$40087850FC32E202,0,3FE4190FCC9DE2D,3FDBB874E391900A
$400921FB54442D18,0,3FE41CAC083126EC,3FDB0A3D70A3D70B
4 28 88
4 29 82
4 30 90
4 31 34
4 32 0
4 33 0
3 22 ->
4 23 93
4 24 4
4 25 0
4 26 [2]
$1,-1
4 27 [39][4]
$0,0,3FD7C6A7EF9DB23,3FDB0A3D70A3D70B
$3FB38B93388A5711,0,3FD7CCCA0543FCA8,3FDBAAD2E036FD88
$3FC4606F1D59DD01,0,3FD7E146E519304,3FDC57FB69065569
$3FCEFB149E6E8E6C,0,3FD80405F4562B2C,3FDD02D9E6EAF988
$3FD4CADD0FC19FF7,0,3FD834CA2F7AFDA4,3FDDAA424F2F19E
$3FDA182FD04BF8AF,0,3FD8733DF4892258,3FDE4D0EAB0E0A8
$3FDF658290D6516A,0,3FD8BEF39961F63,3FDEEA211BE5BC42
$3FE2596AA8B05513,0,3FD917662C582A34,3FDF8065D131977A
$3FE5001408F58174,0,3FD97BFA5DA20A58,3FE0076A766EA0F9
$3FE7A6BD693AADC7,0,3FD9EBFF9012AC54,3FE04A3A294E6D3A
$3FEA4D66C97FDA2C,0,3FDA66B10F3B213C,3FE0882CAF8E856E
$3FECF41029C5068B,0,3FDAEB3768D31544,3FE0C0D54203DE62
$3FEF9AB98A0A32E5,0,3FDB78A9E70A5698,3FE0F3D06304F933
$3FF120B17527AF9F,0,3FDC0E10292AF1AC,3FE120C48D1DF88C
$3FF27406254A45CD,0,3FDCAA63D7BE567,3FE14762D0431862
$3FF3C75AD56CDBFC,0,3FDD4C927137AA48,3FE167675C6D7F6
$3FF51AAF858F7231,0,3FDDF37F2BFA5C2,3FE18099F8AF0392
$3FF66E0435B2085A,0,3FDE9E04EA6E8DC4,3FE192CE65EBC9A4
$3FF7C158E5D49E89,0,3FDF4AF83DB53214,3FE19DE4AC8C62C8
$3FF914AD95F734BD,0,3FDFF92973741144,3FE1A1C9549FFAC9
$3FFA68024619CAEA,0,3FE053B3558F351A,3FE19E75880C0491
$3FFBBB56F63C611B,0,3FE0AA3EF788E10A,3FE193EF1E8D5D7C
$3FFD0EABA65EF744,0,3FE0FF9FA6EBDD1,3FE182489375D30E
$3FFE620056818D75,0,3FE1533F77EEC16E,3FE169A0E5380F1
$3FFFB55506A423A5,0,3FE1A48B92FBDD86,3FE14A235EFAE6F6
$40008454DB635CEB,0,3FE1F2F5368B1758,3FE124074C939FD9
$40012DFF3374A7FF,0,3FE23DF2B1CEF32E,3FE0F78F996CA57E
$4001D7A98B85F315,0,3FE28500567C9564,3FE0C50A5B033509
$40028153E3973E2F,0,3FE2C7A160062E4C,3FE08CD047CA534B
$40032AFE3BA88947,0,3FE30560CEB1C87,3FE04F441B63D324
$4003D4A893B9D45C,0,3FE33DD2350BC218,3FE00CD1E940F67
$40047E52EBCB1F76,0,3FE37092764C2F8E,3FDF8BDCBDB63345
$400527FD43DC6A8D,0,3FE39D487460D16,3FDEF62BEDA35231
$4005D1A79BEDB5A2,0,3FE3C3A5AC6A0332,3FDE59983CAA4A3C
$40067B51F3FF00BB,0,3FE3E366C097D8F4,3FDDB7349CBE0F6
$400724FC4C104BD2,0,3FE3FC53EE7554BC,3FDD101E34979652
$4007CEA6A42196EA,0,3FE40E4170D1FCBC,3FDC657A6AFDEB03
$40087850FC32E202,0,3FE4190FCC9DE2D,3FDBB874E391900A
$400921FB54442D18,0,3FE41CAC083126EC,3FDB0A3D70A3D70B
4 28 87
4 29 81
4 30 89
4 31 33
4 32 0
4 33 0
@qlt_array 34 0
2 34 [1]
3 34 ->
@quilt_id 35 1
4 35 30
@data_type 36 1
4 36 57
@attr 37 1
4 37 1
@feat_id 38 1
4 38 4
@first_geom_ptr 39 1
4 39 31
@used_by_feat_id 40 1
4 40 4
@next_quilt_ptr 41 1
4 41 0
#NovisGeom
@Sld_NonVisGeom 1 0
0 1 ->
@inactive_geom 2 0
1 2 
#ActEntity
@Sld_Entities 1 0
0 1 ->
@act_feat_ents 2 0
1 2 [1]
2 2 
@feat_id 3 1
3 3 2
@datum_id 4 1
3 4 -1
@entity_ptr(coord_sys) 5 0
3 5 ->
@type 6 1
4 6 18
@id 7 1
4 7 3
@gen_info 8 0
4 8 
@color 9 1
5 9 1
@sys_type 10 1
4 10 -1
@pnt_type 11 1
4 11 -1
@radius 12 2
4 12 0
@local_sys 13 2
4 13 [4][3]
$3FF,0,0
$0,3FF,0
$0,0,3FF
$0,0,0
@feat_id 14 1
4 14 2
@entity(text) 15 0
3 15 ->
@text_type 16 1
4 16 34
@text_value 17 10
4 17 BA7B8BDDC3BC457D9050105DC20D10B
@txt_attrib 18 1
4 18 1
@coord 19 2
4 19 [3]
$0,0,0
@owner_id 20 1
4 20 3
@height 21 2
4 21 BFF
@width_factor 22 2
4 22 BFF
@format_info 23 0
4 23 
@thickness 24 2
4 24 BFF
#AllFeatur
@Sld_Features 1 0
0 1 ->
@first_feat_ptr 2 0
1 2 ->
@id 3 1
2 3 2
@indep_attributes 4 1
2 4 4097
@feat_type_ptr 5 0
2 5 ->
@table_id 6 1
3 6 -1
@type 7 1
3 7 979
@feattype_key 8 10
3 8 NULL
@form 9 1
3 9 0
@attributes 10 1
3 10 [3]
$0,0,0
@placement 11 1
3 11 0
@intersection 12 1
3 12 -1
@internal_udf_type 13 1
3 13 -1
@param_choice_ptr 14 0
3 14 ->
@blend_choice 15 1
4 15 0
@depth_choice 16 1
4 16 0
@angle_choice 17 1
4 17 0
@pat_choice 18 1
4 18 -1
@round_choice 19 1
4 19 -1
@subsec_choice 20 1
4 20 -1
@sweep_choice 21 1
4 21 0
@dome_choice 22 1
4 22 0
@draft_choice 23 1
4 23 0
@misc_choice 24 1
4 24 [2]
$384,0
@assoc_type 25 1
3 25 0
@symbol_key 26 1
2 26 -1
@sect_name 27 10
2 27 no_name
@model_type 28 1
2 28 2
@idtab_ptr 29 0
2 29 ->
@misc_id_tab 30 0
3 30 [1]
4 30 
@misc_hist 31 1
5 31 [5]
$3,534,0,-1,500
@save_geoms 32 0
3 32 NULL
@cr_flags_xar 33 1
3 33 NULL
@cvt_feat_dat 34 0
3 34 NULL
@feat_dates_ptr 35 0
3 35 ->
@creat_date 36 1
4 36 200057
@regen_date 37 1
4 37 200057
@group_info_ptr 38 0
2 38 NULL
@intrs_pairs_ptr 39 0
2 39 ->
@place_rec_ptr 40 0
2 40 ->
@local_sys 41 2
3 41 [4][3]
$3FF,0,0
$0,3FF,0
$0,0,3FF
$0,0,0
@own_ref_id 42 1
3 42 -1
@orient 43 1
3 43 0
@trf_arr 44 0
3 44 [1]
4 44 
@type 45 1
5 45 10
@idx 46 1
5 46 0
@transf 47 2
5 47 [4][3]
$3FF,0,0
$0,3FF,0
$0,0,3FF
$0,0,0
@next_prop 48 0
2 48 NULL
@first_geom_id 49 1
2 49 -1
@cond_tbl_idx 50 1
2 50 -1
@comment 51 10
2 51 NULL
@merge_info_ptr 52 0
2 52 NULL
@topology_increment 53 0
2 53 ->
@first_geom 54 1
3 54 0
@first_quilt 55 1
3 55 0
@outline 56 2
3 56 [2][3]
$0,0,0
$0,0,0
@max_part_size 57 2
3 57 0
@xform_increment 58 0
3 58 NULL
@roll_back_id 59 1
3 59 -1
@time_stamp 60 0
3 60 ->
@time 61 1
4 61 985690330
@random_num 62 1
4 62 2051749027
@hostid 63 1
4 63 680431796
@state_ind 64 1
2 64 -1
@alumni_info 65 0
2 65 NULL
@revnum 66 1
2 66 0
@rev_rec 67 0
2 67 ->
@num_plins 68 1
3 68 0
@expl_state_ref 69 0
2 69 NULL
@feat_outl_info 70 0
2 70 ->
@ent_outl 71 2
2 71 [2][3]
$0,0,0
$0,0,0
@next_feat_ptr 72 0
1 72 ->
2 3 4
2 4 2049
2 5 ->
3 6 -1
3 7 932
3 8 NULL
3 9 0
3 10 [3]
$0,0,0
3 11 0
3 12 991
3 13 -1
3 14 ->
4 15 0
4 16 0
4 17 0
4 18 -1
4 19 -1
4 20 -1
4 21 0
4 22 0
4 23 0
4 24 [2]
$4136,0
3 25 0
2 26 -1
2 27 no_name
2 28 2
2 29 ->
@srf_id_arr 73 1
3 73 [28][4]
$32,212,33,0
$36,212,37,0
$40,212,41,0
$44,212,45,0
$48,212,49,0
$52,212,53,0
$56,212,57,0
$60,212,61,0
$64,212,65,0
$68,212,65,0
$70,212,71,0
$74,212,77,0
$82,212,33,0
$88,212,89,0
$31,214,32,0
$35,214,36,0
$39,214,40,0
$43,214,44,0
$47,214,48,0
$51,214,52,0
$55,214,56,0
$59,214,60,0
$63,214,64,0
$67,214,68,0
$69,214,70,0
$73,214,74,0
$81,214,82,0
$87,214,88,0
@edg_id_arr 74 1
3 74 [72][6]
$34,232,0,0,0,32
$90,232,0,0,0,32
$96,232,0,0,0,32
$92,232,0,0,0,88
$38,232,0,0,0,82
$72,232,0,0,0,36
$80,232,0,0,0,74
$98,232,0,0,0,70
$42,232,0,0,0,64
$104,232,0,0,0,60
$108,232,0,0,0,56
$102,232,0,0,0,52
$46,232,0,0,0,64
$114,232,0,0,0,48
$118,232,0,0,0,56
$112,232,0,0,0,68
$50,232,0,0,0,64
$122,232,0,0,0,74
$116,232,0,0,0,56
$54,232,0,0,0,64
$110,232,0,0,0,56
$124,232,0,0,0,74
$58,232,0,0,0,74
$106,232,0,0,0,60
$128,232,0,0,0,82
$120,232,0,0,0,68
$62,232,0,0,0,64
$126,232,0,0,0,82
$66,232,0,0,0,68
$84,232,0,0,0,82
$76,232,0,0,0,74
$130,232,0,0,0,82
$86,232,0,0,0,82
$100,232,0,0,0,74
$78,232,0,0,0,88
$94,232,0,0,0,88
$33,286,34,0,0,31
$89,286,90,0,0,31
$95,286,96,0,0,31
$91,286,92,0,0,87
$37,286,38,0,0,81
$71,286,72,0,0,35
$79,286,80,0,0,73
$97,286,98,0,0,69
$41,286,42,0,0,63
$103,286,104,0,0,59
$107,286,108,0,0,55
$101,286,102,0,0,51
$45,286,46,0,0,63
$113,286,114,0,0,47
$117,286,118,0,0,55
$111,286,112,0,0,67
$49,286,50,0,0,63
$121,286,122,0,0,73
$115,286,116,0,0,55
$53,286,54,0,0,63
$109,286,110,0,0,55
$123,286,124,0,0,73
$57,286,58,0,0,73
$105,286,106,0,0,59
$127,286,128,0,0,81
$119,286,120,0,0,67
$61,286,62,0,0,63
$125,286,126,0,0,81
$65,286,66,0,0,67
$83,286,84,0,0,81
$75,286,76,0,0,73
$129,286,130,0,0,81
$85,286,86,0,0,81
$99,286,100,0,0,73
$77,286,78,0,0,87
$93,286,94,0,0,87
3 30 [1]
4 30 
5 31 [5]
$30,207,31,-1,501
3 32 NULL
3 33 NULL
3 34 NULL
3 35 ->
4 36 200057
4 37 200057
2 38 NULL
2 39 ->
2 40 ->
3 41 [4][3]
$3FF,0,0
$0,3FF,0
$0,0,3FF
$0,0,0
@place_instruction_ptrs 75 0
3 75 [1]
4 75 ->
@type 76 1
5 76 82
@offset 77 2
5 77 0
@dim_id 78 1
5 78 -1
@ref_id 79 1
5 79 -1
@geometry1_id 80 1
5 80 3
@geometry2_id 81 1
5 81 -1
@memb_num1 82 1
5 82 0
@memb_num2 83 1
5 83 0
@attr 84 1
5 84 0
3 42 -1
3 43 0
2 48 NULL
2 49 -1
2 50 -1
2 51 NULL
2 52 NULL
@dat_ptr(intf_data) 85 0
2 85 ->
@type 86 1
3 86 342
@filename 87 10
3 87 d:\temp\whoopie.sldprt
@model_size 88 2
3 88 4059
@model_eps 89 2
3 89 0
@make_solid_feature 90 1
3 90 1
@op_type 91 1
3 91 1
@time_stamp 92 0
3 92 
@tm_sec 93 1
4 93 28
@tm_min 94 1
4 94 54
@tm_hour 95 1
4 95 9
@tm_mday 96 1
4 96 26
@tm_mon 97 1
4 97 5
@tm_year 98 1
4 98 2009
@potentially_modified 99 1
3 99 0
@reread 100 1
3 100 0
@parent_table 101 1
2 101 [1]
$2
2 53 ->
3 54 0
3 55 0
3 56 [2][3]
$0,0,0
$0,0,0
3 57 0
3 58 NULL
3 59 -1
3 60 ->
4 61 985690330
4 62 2051749027
4 63 680431796
2 64 -1
2 65 NULL
2 66 1
2 67 ->
3 68 1
2 69 NULL
2 70 NULL
1 72 NULL
@layer_list 102 0
1 102 [2]
2 102 
@feat_id 103 1
3 103 2
@layer_id 104 1
3 104 0
@back_layer_id 105 1
3 105 0
2 102 
3 103 4
3 104 0
3 105 0
#FullMData
@Sld_FullData 1 0
0 1 ->
@first_member_ptr 2 0
1 2 NULL
@alumni_members 3 0
1 3 NULL
@first_xsec_ptr 4 0
1 4 NULL
@lang_ptr 5 0
1 5 NULL
@first_csys_ptr 6 0
1 6 NULL
@ipar_num 7 1
1 7 0
@smt_info_ptr 8 0
1 8 NULL
@cable_info_ptr 9 0
1 9 NULL
@comp_info_ptr 10 0
1 10 NULL
@prt_misc_ptr 11 0
1 11 ->
@shrink_data_ptr 12 0
2 12 NULL
@expld_mv_info 13 0
1 13 NULL
@state_info_ptr 14 0
1 14 NULL
@alumni_feats 15 0
1 15 NULL
@p_mdl_grid 16 0
1 16 NULL
@mdl_status_ptr 17 0
1 17 NULL
@appl_info_arr 18 0
1 18 [1]
2 18 
@id 19 1
3 19 -1
@type 20 1
3 20 13
@ribbon_info_ptr 21 0
1 21 NULL
@p_xref_data 22 0
1 22 ->
@first_analysis_feat 23 0
1 23 NULL
#ModelView#0
@View 1 0
0 1 ->
@id 2 1
1 2 0
@viewattr 3 0
1 3 
@attr_arr 4 1
2 4 [4]
$1,0,0,0
@mpoint 5 0
1 5 
@id 6 1
2 6 0
@coord 7 2
2 7 [3]
$0,0,0
@first_instr_ptr 8 0
2 8 NULL
@attach_ptr 9 0
2 9 NULL
@vpoint 10 0
1 10 
2 6 0
2 7 [3]
$407F4,407A5E,0
2 8 NULL
2 9 NULL
@orient 11 2
1 11 [4][4]
$3FF,0,0,0
$0,3FF,0,0
$0,0,3FF,0
$0,0,0,3FF
@local_sys 12 2
1 12 [4][4]
$3FF,0,0,0
$0,3FF,0,0
$0,0,3FF,0
$0,0,0,3FF
@world_matrix_ptr 13 0
1 13 NULL
@first_instr_ptr 14 0
1 14 ->
@type 15 1
2 15 100
@geom_id 16 1
2 16 -1
@view_id 17 1
2 17 -1
@memb_num 18 1
2 18 0
@offset 19 2
2 19 0
@matrix 20 0
2 20 NULL
@next_instr_ptr 21 0
1 21 ->
2 15 301
2 16 -1
2 17 -1
2 18 0
2 19 3FF
2 20 NULL
1 21 NULL
@outer_xsec_index 22 1
1 22 -1
@next_view_id 23 1
1 23 -2
@simp_rep_id 24 1
1 24 0
@name 25 10
1 25 no name
@fit_outline 26 2
1 26 [2][3]
$4059,405518,0
$408C2,4087BB,0
@det_info_ptr 27 0
1 27 NULL
@named_view_pzmatr 28 0
1 28 NULL
@page_id 29 1
1 29 0
@model_name 30 10
1 30 NULL
@unrep_model_name 31 10
1 31 NULL
@saved_pro_dls 32 0
1 32 ->
@eye 33 0
2 33 
@matrix 34 2
3 34 [4][4]
$3FF,0,0,0
$0,3FF,0,0
$0,0,3FF,0
$0,0,0,3FF
@position 35 2
3 35 [3]
$0,0,0
@view_angle 36 2
3 36 0
@explode_state 37 0
1 37 NULL
#DispDataColor
@ref_color_table 1 0
0 1 
#DispDataTable
@disp_data_table 1 0
0 1 
@disp_data_arr 2 0
1 2 [1]
2 2 
@disp_data 3 0
3 3 ->
@part_color 4 1
4 4 0
@color_prop_ptr 5 0
4 5 ->
@color_refs 6 0
5 6 [1]
6 6 
@ref_color 7 0
7 7 ->
@maximum 8 2
8 8 [3]
$3FE8181818181818,3FE8181818181818,3FE8181818181818
@ambient 9 2
8 9 3FF
@diffuse 10 2
8 10 3FF
@specular 11 2
8 11 3FE
@spec_coef 12 2
8 12 3FF
@transmission 13 2
8 13 0
@threshold 14 1
8 14 90
@gl_ind 15 1
8 15 2
@highlight 16 2
8 16 [3]
$3FF,3FF,3FF
@reflection 17 2
8 17 3FF
@bump_height 18 2
8 18 3FF
@bump 19 3
8 19 NULL
@decal_intensity 20 2
8 20 3FF
@decal 21 3
8 21 NULL
@texture 22 3
8 22 NULL
@surf_ind_tab 23 0
5 23 [1]
6 23 
@surf_id 24 1
7 24 -1
@surf_color_inds 25 1
7 25 [2]
$0,-1
@surf_pl 26 0
7 26 [2]
8 26 
@placement_ptr 27 0
9 27 NULL
8 26 
9 27 NULL
@model_type 28 1
4 28 2
@flags 29 1
4 29 0
@generic_name 30 10
4 30 NULL
@label 31 10
4 31 NULL
@components 32 0
4 32 
#AssMrgPrt
@assem_merge_parts 1 0
0 1 ->
#END_OF_UGC
